#
# There is insufficient memory for the Java Runtime Environment to continue.
# Native memory allocation (malloc) failed to allocate 1048576 bytes for AllocateHeap
# Possible reasons:
#   The system is out of physical RAM or swap space
#   The process is running with CompressedOops enabled, and the Java Heap may be blocking the growth of the native heap
# Possible solutions:
#   Reduce memory load on the system
#   Increase physical memory or swap space
#   Check if swap backing store is full
#   Decrease Java heap size (-Xmx/-Xms)
#   Decrease number of Java threads
#   Decrease Java thread stack sizes (-Xss)
#   Set larger code cache with -XX:ReservedCodeCacheSize=
#   JVM is running with Unscaled Compressed Oops mode in which the Java heap is
#     placed in the first 4GB address space. The Java Heap base address is the
#     maximum limit for the native heap growth. Please use -XX:HeapBaseMinAddress
#     to set the Java Heap base and to place the Java Heap above 4GB virtual address.
# This output file may be truncated or incomplete.
#
#  Out of Memory Error (./src/hotspot/share/memory/allocation.cpp:46), pid=9944, tid=3260
#
# JRE version: OpenJDK Runtime Environment (11.0.11+9) (build 11.0.11+9-b60-7590822)
# Java VM: OpenJDK 64-Bit Server VM (11.0.11+9-b60-7590822, mixed mode, tiered, compressed oops, g1 gc, windows-amd64)
# No core dump will be written. Minidumps are not enabled by default on client versions of Windows
#

---------------  S U M M A R Y ------------

Command Line: --add-opens=java.base/java.util=ALL-UNNAMED --add-opens=java.base/java.lang=ALL-UNNAMED --add-opens=java.base/java.lang.invoke=ALL-UNNAMED --add-opens=java.base/java.util=ALL-UNNAMED --add-opens=java.prefs/java.util.prefs=ALL-UNNAMED --add-opens=java.prefs/java.util.prefs=ALL-UNNAMED --add-opens=java.base/java.nio.charset=ALL-UNNAMED --add-opens=java.base/java.net=ALL-UNNAMED --add-opens=java.base/java.util.concurrent.atomic=ALL-UNNAMED -Xmx2048m -Dfile.encoding=UTF-8 -Duser.country=US -Duser.language=en -Duser.variant org.gradle.launcher.daemon.bootstrap.GradleDaemon 7.2

Host: Intel(R) Core(TM) i7-7700HQ CPU @ 2.80GHz, 8 cores, 15G,  Windows 10 , 64 bit Build 19041 (10.0.19041.1466)
Time: Mon Mar 14 07:07:11 2022 Jerusalem Standard Time elapsed time: 73.814601 seconds (0d 0h 1m 13s)

---------------  T H R E A D  ---------------

Current thread (0x0000024fa01dd800):  VMThread "VM Thread" [stack: 0x000000ae7d600000,0x000000ae7d700000] [id=3260]

Stack: [0x000000ae7d600000,0x000000ae7d700000]
[error occurred during error reporting (printing stack bounds), id 0xc0000005, EXCEPTION_ACCESS_VIOLATION (0xc0000005) at pc=0x0000024f88820f2d]

Native frames: (J=compiled Java code, j=interpreted, Vv=VM code, C=native code)
V  [jvm.dll+0x5f214a]
V  [jvm.dll+0x726fb5]
V  [jvm.dll+0x7285cd]
V  [jvm.dll+0x728be5]
V  [jvm.dll+0x728b9b]
V  [jvm.dll+0x5f14e8]
V  [jvm.dll+0x5f1c78]
C  [ntdll.dll+0xa20cf]
C  [ntdll.dll+0x51454]
C  [ntdll.dll+0xa0bfe]
C  0x0000024f88820f2d

VM_Operation (0x000000ae7ecf53b0): CollectForMetadataAllocation, mode: safepoint, requested by thread 0x0000024fa1b4f000


---------------  P R O C E S S  ---------------

Threads class SMR info:
_java_thread_list=0x0000024fa823b920, length=129, elements={
0x0000024f8354c000, 0x0000024fa01df800, 0x0000024fa01e5000, 0x0000024fa0246000,
0x0000024fa0248000, 0x0000024fa024a000, 0x0000024fa0254800, 0x0000024fa0259000,
0x0000024fa0266800, 0x0000024fa03bb000, 0x0000024fa2853000, 0x0000024fa0735000,
0x0000024fa0a37800, 0x0000024fa195c000, 0x0000024fa1b4f000, 0x0000024fa26e9800,
0x0000024fa26e6000, 0x0000024fa26e7800, 0x0000024fa26e7000, 0x0000024fa26e8800,
0x0000024fa3f7c800, 0x0000024fa3f7a000, 0x0000024fa3f80800, 0x0000024fa3f7b000,
0x0000024fa3f81800, 0x0000024fa2d56800, 0x0000024fa2d57000, 0x0000024fa2d5b000,
0x0000024fa2d59000, 0x0000024fa2d59800, 0x0000024fa377d000, 0x0000024fa3783800,
0x0000024fa3784000, 0x0000024fa1439800, 0x0000024fa143a800, 0x0000024fa143b800,
0x0000024fa143c000, 0x0000024fa1439000, 0x0000024fa377a800, 0x0000024fa377d800,
0x0000024fa3779000, 0x0000024fa3779800, 0x0000024fa377f800, 0x0000024fa3780000,
0x0000024fa3781000, 0x0000024fa3781800, 0x0000024fa377c000, 0x0000024fa3786000,
0x0000024fa3786800, 0x0000024fa3787800, 0x0000024fa2d4f000, 0x0000024fa2d50800,
0x0000024fa2d4d800, 0x0000024fa2d52800, 0x0000024fa2d4c800, 0x0000024fa2d50000,
0x0000024fa2d51800, 0x0000024fa2d53000, 0x0000024fa2d54000, 0x0000024fa2d4e000,
0x0000024fa2d58000, 0x0000024fa2d5a800, 0x0000024fa2d54800, 0x0000024fa2d55800,
0x0000024fa143d000, 0x0000024fa143d800, 0x0000024fa1442000, 0x0000024fa1440000,
0x0000024fa1442800, 0x0000024fa1443800, 0x0000024fa143e800, 0x0000024fa1441000,
0x0000024fa143f800, 0x0000024fa1447800, 0x0000024fa1444800, 0x0000024fa1445000,
0x0000024fa1446000, 0x0000024fa1446800, 0x0000024fa3f7c000, 0x0000024fa3f7d800,
0x0000024fa3f85800, 0x0000024fa3f85000, 0x0000024fa3f80000, 0x0000024fa3f87800,
0x0000024fa3f83000, 0x0000024fa3f86800, 0x0000024fa3f88000, 0x0000024fa3f82800,
0x0000024fa3f89000, 0x0000024fa3f84000, 0x0000024fa26e5800, 0x0000024fa26ea000,
0x0000024fa26eb000, 0x0000024fa26ec000, 0x0000024fa2320000, 0x0000024fa2321800,
0x0000024fa2320800, 0x0000024fa2322800, 0x0000024fa231d800, 0x0000024fa2324000,
0x0000024fa231f000, 0x0000024fa2323000, 0x0000024fa231e000, 0x0000024fa2326800,
0x0000024fa2324800, 0x0000024fa2325800, 0x0000024fa2327000, 0x0000024fa2329000,
0x0000024fa2329800, 0x0000024fa2328000, 0x0000024fa232a800, 0x0000024fa232c000,
0x0000024fa232d000, 0x0000024fa232b800, 0x0000024fa396e800, 0x0000024fa3973000,
0x0000024fa396d800, 0x0000024fa3974000, 0x0000024fa3970800, 0x0000024fa3975000,
0x0000024fa396f000, 0x0000024fa3971800, 0x0000024fa3975800, 0x0000024fa3970000,
0x0000024fa3972800, 0x0000024fa397b800, 0x0000024fa3976800, 0x0000024fa397c000,
0x0000024fa3977800
}

Java Threads: ( => current thread )
  0x0000024f8354c000 JavaThread "main" [_thread_blocked, id=7704, stack(0x000000ae7d000000,0x000000ae7d100000)]
  0x0000024fa01df800 JavaThread "Reference Handler" daemon [_thread_blocked, id=1664, stack(0x000000ae7d700000,0x000000ae7d800000)]
  0x0000024fa01e5000 JavaThread "Finalizer" daemon [_thread_blocked, id=2612, stack(0x000000ae7d800000,0x000000ae7d900000)]
  0x0000024fa0246000 JavaThread "Signal Dispatcher" daemon [_thread_blocked, id=1680, stack(0x000000ae7d900000,0x000000ae7da00000)]
  0x0000024fa0248000 JavaThread "Attach Listener" daemon [_thread_blocked, id=12540, stack(0x000000ae7da00000,0x000000ae7db00000)]
  0x0000024fa024a000 JavaThread "Service Thread" daemon [_thread_blocked, id=11436, stack(0x000000ae7db00000,0x000000ae7dc00000)]
  0x0000024fa0254800 JavaThread "C2 CompilerThread0" daemon [_thread_blocked, id=7068, stack(0x000000ae7dc00000,0x000000ae7dd00000)]
  0x0000024fa0259000 JavaThread "C1 CompilerThread0" daemon [_thread_blocked, id=13628, stack(0x000000ae7dd00000,0x000000ae7de00000)]
  0x0000024fa0266800 JavaThread "Sweeper thread" daemon [_thread_blocked, id=6812, stack(0x000000ae7de00000,0x000000ae7df00000)]
  0x0000024fa03bb000 JavaThread "Common-Cleaner" daemon [_thread_blocked, id=14744, stack(0x000000ae7df00000,0x000000ae7e000000)]
  0x0000024fa2853000 JavaThread "Daemon health stats" [_thread_blocked, id=15204, stack(0x000000ae7e800000,0x000000ae7e900000)]
  0x0000024fa0735000 JavaThread "Incoming local TCP Connector on port 52033" [_thread_in_native, id=2328, stack(0x000000ae7e100000,0x000000ae7e200000)]
  0x0000024fa0a37800 JavaThread "Daemon periodic checks" [_thread_blocked, id=6760, stack(0x000000ae7e200000,0x000000ae7e300000)]
  0x0000024fa195c000 JavaThread "Daemon" [_thread_blocked, id=10184, stack(0x000000ae7e900000,0x000000ae7ea00000)]
  0x0000024fa1b4f000 JavaThread "Daemon worker" [_thread_blocked, id=14408, stack(0x000000ae7ec00000,0x000000ae7ed00000)]
  0x0000024fa26e9800 JavaThread "Cache worker for journal cache (C:\Users\liran\.gradle\caches\journal-1)" [_thread_blocked, id=12364, stack(0x000000ae7f000000,0x000000ae7f100000)]
  0x0000024fa26e6000 JavaThread "File lock request listener" [_thread_in_native, id=8104, stack(0x000000ae7f100000,0x000000ae7f200000)]
  0x0000024fa26e7800 JavaThread "Cache worker for file hash cache (C:\Users\liran\.gradle\caches\7.2\fileHashes)" [_thread_blocked, id=13052, stack(0x000000ae7f200000,0x000000ae7f300000)]
  0x0000024fa26e7000 JavaThread "File watcher server" daemon [_thread_blocked, id=11428, stack(0x000000ae7f800000,0x000000ae7f900000)]
  0x0000024fa26e8800 JavaThread "File watcher consumer" daemon [_thread_blocked, id=2848, stack(0x000000ae7f900000,0x000000ae7fa00000)]
  0x0000024fa3f7c800 JavaThread "Cache worker for execution history cache (C:\Users\liran\.gradle\caches\7.2\executionHistory)" [_thread_blocked, id=8432, stack(0x000000ae7fe00000,0x000000ae7ff00000)]
  0x0000024fa3f7a000 JavaThread "jar transforms" [_thread_blocked, id=7912, stack(0x000000ae7ff00000,0x000000ae80000000)]
  0x0000024fa3f80800 JavaThread "Cache worker for file content cache (C:\Users\liran\.gradle\caches\7.2\fileContent)" [_thread_blocked, id=5332, stack(0x000000ae00000000,0x000000ae00100000)]
  0x0000024fa3f7b000 JavaThread "jar transforms Thread 2" [_thread_blocked, id=4732, stack(0x000000ae00100000,0x000000ae00200000)]
  0x0000024fa3f81800 JavaThread "jar transforms Thread 3" [_thread_blocked, id=11612, stack(0x000000ae00300000,0x000000ae00400000)]
  0x0000024fa2d56800 JavaThread "jar transforms Thread 4" [_thread_blocked, id=10012, stack(0x000000ae05500000,0x000000ae05600000)]
  0x0000024fa2d57000 JavaThread "jar transforms Thread 5" [_thread_blocked, id=9668, stack(0x000000ae05600000,0x000000ae05700000)]
  0x0000024fa2d5b000 JavaThread "jar transforms Thread 6" [_thread_blocked, id=2736, stack(0x000000ae05700000,0x000000ae05800000)]
  0x0000024fa2d59000 JavaThread "jar transforms Thread 7" [_thread_blocked, id=6312, stack(0x000000ae05800000,0x000000ae05900000)]
  0x0000024fa2d59800 JavaThread "jar transforms Thread 8" [_thread_blocked, id=9976, stack(0x000000ae05900000,0x000000ae05a00000)]
  0x0000024fa377d000 JavaThread "Memory manager" [_thread_blocked, id=4016, stack(0x000000ae05c00000,0x000000ae05d00000)]
  0x0000024fa3783800 JavaThread "ForkJoinPool.commonPool-worker-3" daemon [_thread_blocked, id=15064, stack(0x000000ae06500000,0x000000ae06600000)]
  0x0000024fa3784000 JavaThread "ForkJoinPool.commonPool-worker-5" daemon [_thread_blocked, id=5568, stack(0x000000ae06700000,0x000000ae06800000)]
  0x0000024fa1439800 JavaThread "ForkJoinPool.commonPool-worker-7" daemon [_thread_blocked, id=8328, stack(0x000000ae06c00000,0x000000ae06d00000)]
  0x0000024fa143a800 JavaThread "ForkJoinPool.commonPool-worker-9" daemon [_thread_blocked, id=3104, stack(0x000000ae06d00000,0x000000ae06e00000)]
  0x0000024fa143b800 JavaThread "ForkJoinPool.commonPool-worker-11" daemon [_thread_blocked, id=10208, stack(0x000000ae06e00000,0x000000ae06f00000)]
  0x0000024fa143c000 JavaThread "ForkJoinPool.commonPool-worker-13" daemon [_thread_blocked, id=9172, stack(0x000000ae06f00000,0x000000ae07000000)]
  0x0000024fa1439000 JavaThread "ForkJoinPool.commonPool-worker-15" daemon [_thread_blocked, id=8876, stack(0x000000ae07000000,0x000000ae07100000)]
  0x0000024fa377a800 JavaThread "Handler for socket connection from /127.0.0.1:52033 to /127.0.0.1:52111" [_thread_in_native, id=9908, stack(0x000000ae00600000,0x000000ae00700000)]
  0x0000024fa377d800 JavaThread "Cancel handler" [_thread_blocked, id=12424, stack(0x000000ae00700000,0x000000ae00800000)]
  0x0000024fa3779000 JavaThread "Asynchronous log dispatcher for DefaultDaemonConnection: socket connection from /127.0.0.1:52033 to /127.0.0.1:52111" [_thread_blocked, id=4436, stack(0x000000ae00800000,0x000000ae00900000)]
  0x0000024fa3779800 JavaThread "Stdin handler" [_thread_blocked, id=3860, stack(0x000000ae00900000,0x000000ae00a00000)]
  0x0000024fa377f800 JavaThread "Daemon client event forwarder" [_thread_blocked, id=1316, stack(0x000000ae00a00000,0x000000ae00b00000)]
  0x0000024fa3780000 JavaThread "Cache worker for file hash cache (C:\Users\liran\AndroidStudioProjects\DatasetLabeling\.gradle\7.2\fileHashes)" [_thread_blocked, id=9756, stack(0x000000ae00b00000,0x000000ae00c00000)]
  0x0000024fa3781000 JavaThread "Cache worker for checksums cache (C:\Users\liran\AndroidStudioProjects\DatasetLabeling\.gradle\checksums)" [_thread_blocked, id=15180, stack(0x000000ae00c00000,0x000000ae00d00000)]
  0x0000024fa3781800 JavaThread "Cache worker for cache directory md-supplier (C:\Users\liran\.gradle\caches\7.2\md-supplier)" [_thread_blocked, id=14320, stack(0x000000ae00d00000,0x000000ae00e00000)]
  0x0000024fa377c000 JavaThread "Cache worker for cache directory md-rule (C:\Users\liran\.gradle\caches\7.2\md-rule)" [_thread_blocked, id=11764, stack(0x000000ae00e00000,0x000000ae00f00000)]
  0x0000024fa3786000 JavaThread "Cache worker for dependencies-accessors (C:\Users\liran\AndroidStudioProjects\DatasetLabeling\.gradle\7.2\dependencies-accessors)" [_thread_blocked, id=13736, stack(0x000000ae00f00000,0x000000ae01000000)]
  0x0000024fa3786800 JavaThread "Cache worker for Build Output Cleanup Cache (C:\Users\liran\AndroidStudioProjects\DatasetLabeling\.gradle\buildOutputCleanup)" [_thread_blocked, id=13596, stack(0x000000ae01000000,0x000000ae01100000)]
  0x0000024fa3787800 JavaThread "Unconstrained build operations" [_thread_blocked, id=9360, stack(0x000000ae01100000,0x000000ae01200000)]
  0x0000024fa2d4f000 JavaThread "Unconstrained build operations Thread 2" [_thread_blocked, id=11388, stack(0x000000ae01200000,0x000000ae01300000)]
  0x0000024fa2d50800 JavaThread "Unconstrained build operations Thread 3" [_thread_blocked, id=8512, stack(0x000000ae01300000,0x000000ae01400000)]
  0x0000024fa2d4d800 JavaThread "Unconstrained build operations Thread 4" [_thread_blocked, id=13816, stack(0x000000ae01400000,0x000000ae01500000)]
  0x0000024fa2d52800 JavaThread "Unconstrained build operations Thread 5" [_thread_blocked, id=8488, stack(0x000000ae01500000,0x000000ae01600000)]
  0x0000024fa2d4c800 JavaThread "Unconstrained build operations Thread 6" [_thread_blocked, id=1056, stack(0x000000ae01600000,0x000000ae01700000)]
  0x0000024fa2d50000 JavaThread "Unconstrained build operations Thread 7" [_thread_blocked, id=2308, stack(0x000000ae01700000,0x000000ae01800000)]
  0x0000024fa2d51800 JavaThread "Unconstrained build operations Thread 8" [_thread_blocked, id=1484, stack(0x000000ae01800000,0x000000ae01900000)]
  0x0000024fa2d53000 JavaThread "Unconstrained build operations Thread 9" [_thread_blocked, id=10404, stack(0x000000ae01900000,0x000000ae01a00000)]
  0x0000024fa2d54000 JavaThread "Unconstrained build operations Thread 10" [_thread_blocked, id=1248, stack(0x000000ae01a00000,0x000000ae01b00000)]
  0x0000024fa2d4e000 JavaThread "Unconstrained build operations Thread 11" [_thread_blocked, id=14228, stack(0x000000ae01b00000,0x000000ae01c00000)]
  0x0000024fa2d58000 JavaThread "Unconstrained build operations Thread 12" [_thread_blocked, id=756, stack(0x000000ae01c00000,0x000000ae01d00000)]
  0x0000024fa2d5a800 JavaThread "Unconstrained build operations Thread 13" [_thread_blocked, id=14572, stack(0x000000ae01d00000,0x000000ae01e00000)]
  0x0000024fa2d54800 JavaThread "Unconstrained build operations Thread 14" [_thread_blocked, id=6236, stack(0x000000ae01e00000,0x000000ae01f00000)]
  0x0000024fa2d55800 JavaThread "Unconstrained build operations Thread 15" [_thread_blocked, id=7524, stack(0x000000ae01f00000,0x000000ae02000000)]
  0x0000024fa143d000 JavaThread "Unconstrained build operations Thread 16" [_thread_blocked, id=2560, stack(0x000000ae02000000,0x000000ae02100000)]
  0x0000024fa143d800 JavaThread "Unconstrained build operations Thread 17" [_thread_blocked, id=15004, stack(0x000000ae02100000,0x000000ae02200000)]
  0x0000024fa1442000 JavaThread "Unconstrained build operations Thread 18" [_thread_blocked, id=12108, stack(0x000000ae02200000,0x000000ae02300000)]
  0x0000024fa1440000 JavaThread "Unconstrained build operations Thread 19" [_thread_blocked, id=12596, stack(0x000000ae02300000,0x000000ae02400000)]
  0x0000024fa1442800 JavaThread "Unconstrained build operations Thread 20" [_thread_blocked, id=3700, stack(0x000000ae02400000,0x000000ae02500000)]
  0x0000024fa1443800 JavaThread "Unconstrained build operations Thread 21" [_thread_blocked, id=10880, stack(0x000000ae02500000,0x000000ae02600000)]
  0x0000024fa143e800 JavaThread "Unconstrained build operations Thread 22" [_thread_blocked, id=1772, stack(0x000000ae02600000,0x000000ae02700000)]
  0x0000024fa1441000 JavaThread "Unconstrained build operations Thread 23" [_thread_blocked, id=1912, stack(0x000000ae02700000,0x000000ae02800000)]
  0x0000024fa143f800 JavaThread "Unconstrained build operations Thread 24" [_thread_blocked, id=13180, stack(0x000000ae02800000,0x000000ae02900000)]
  0x0000024fa1447800 JavaThread "Unconstrained build operations Thread 25" [_thread_blocked, id=13520, stack(0x000000ae02900000,0x000000ae02a00000)]
  0x0000024fa1444800 JavaThread "Unconstrained build operations Thread 26" [_thread_blocked, id=1284, stack(0x000000ae02a00000,0x000000ae02b00000)]
  0x0000024fa1445000 JavaThread "Unconstrained build operations Thread 27" [_thread_blocked, id=2724, stack(0x000000ae02b00000,0x000000ae02c00000)]
  0x0000024fa1446000 JavaThread "Unconstrained build operations Thread 28" [_thread_blocked, id=7116, stack(0x000000ae02c00000,0x000000ae02d00000)]
  0x0000024fa1446800 JavaThread "Unconstrained build operations Thread 29" [_thread_blocked, id=8344, stack(0x000000ae02d00000,0x000000ae02e00000)]
  0x0000024fa3f7c000 JavaThread "Unconstrained build operations Thread 30" [_thread_blocked, id=9408, stack(0x000000ae02e00000,0x000000ae02f00000)]
  0x0000024fa3f7d800 JavaThread "Unconstrained build operations Thread 31" [_thread_blocked, id=13212, stack(0x000000ae02f00000,0x000000ae03000000)]
  0x0000024fa3f85800 JavaThread "Unconstrained build operations Thread 32" [_thread_blocked, id=13392, stack(0x000000ae03000000,0x000000ae03100000)]
  0x0000024fa3f85000 JavaThread "Unconstrained build operations Thread 33" [_thread_blocked, id=9460, stack(0x000000ae03100000,0x000000ae03200000)]
  0x0000024fa3f80000 JavaThread "Unconstrained build operations Thread 34" [_thread_blocked, id=9228, stack(0x000000ae03200000,0x000000ae03300000)]
  0x0000024fa3f87800 JavaThread "Unconstrained build operations Thread 35" [_thread_blocked, id=11636, stack(0x000000ae03300000,0x000000ae03400000)]
  0x0000024fa3f83000 JavaThread "Unconstrained build operations Thread 36" [_thread_blocked, id=1308, stack(0x000000ae03400000,0x000000ae03500000)]
  0x0000024fa3f86800 JavaThread "Unconstrained build operations Thread 37" [_thread_blocked, id=5948, stack(0x000000ae03500000,0x000000ae03600000)]
  0x0000024fa3f88000 JavaThread "Unconstrained build operations Thread 38" [_thread_blocked, id=11200, stack(0x000000ae03600000,0x000000ae03700000)]
  0x0000024fa3f82800 JavaThread "Unconstrained build operations Thread 39" [_thread_blocked, id=6372, stack(0x000000ae03700000,0x000000ae03800000)]
  0x0000024fa3f89000 JavaThread "Unconstrained build operations Thread 40" [_thread_blocked, id=13872, stack(0x000000ae03800000,0x000000ae03900000)]
  0x0000024fa3f84000 JavaThread "Unconstrained build operations Thread 41" [_thread_blocked, id=7288, stack(0x000000ae03900000,0x000000ae03a00000)]
  0x0000024fa26e5800 JavaThread "Unconstrained build operations Thread 42" [_thread_blocked, id=6660, stack(0x000000ae03a00000,0x000000ae03b00000)]
  0x0000024fa26ea000 JavaThread "Unconstrained build operations Thread 43" [_thread_blocked, id=14040, stack(0x000000ae03b00000,0x000000ae03c00000)]
  0x0000024fa26eb000 JavaThread "Unconstrained build operations Thread 44" [_thread_blocked, id=6736, stack(0x000000ae03c00000,0x000000ae03d00000)]
  0x0000024fa26ec000 JavaThread "Unconstrained build operations Thread 45" [_thread_blocked, id=9208, stack(0x000000ae03d00000,0x000000ae03e00000)]
  0x0000024fa2320000 JavaThread "Unconstrained build operations Thread 46" [_thread_blocked, id=13352, stack(0x000000ae03e00000,0x000000ae03f00000)]
  0x0000024fa2321800 JavaThread "Unconstrained build operations Thread 47" [_thread_blocked, id=10224, stack(0x000000ae03f00000,0x000000ae04000000)]
  0x0000024fa2320800 JavaThread "Unconstrained build operations Thread 48" [_thread_blocked, id=3548, stack(0x000000ae04000000,0x000000ae04100000)]
  0x0000024fa2322800 JavaThread "Unconstrained build operations Thread 49" [_thread_blocked, id=8100, stack(0x000000ae04100000,0x000000ae04200000)]
  0x0000024fa231d800 JavaThread "Unconstrained build operations Thread 50" [_thread_blocked, id=9732, stack(0x000000ae04200000,0x000000ae04300000)]
  0x0000024fa2324000 JavaThread "Unconstrained build operations Thread 51" [_thread_blocked, id=11376, stack(0x000000ae04300000,0x000000ae04400000)]
  0x0000024fa231f000 JavaThread "Unconstrained build operations Thread 52" [_thread_blocked, id=14552, stack(0x000000ae04400000,0x000000ae04500000)]
  0x0000024fa2323000 JavaThread "Unconstrained build operations Thread 53" [_thread_blocked, id=7264, stack(0x000000ae04500000,0x000000ae04600000)]
  0x0000024fa231e000 JavaThread "Unconstrained build operations Thread 54" [_thread_blocked, id=9736, stack(0x000000ae04600000,0x000000ae04700000)]
  0x0000024fa2326800 JavaThread "Unconstrained build operations Thread 55" [_thread_blocked, id=9124, stack(0x000000ae04700000,0x000000ae04800000)]
  0x0000024fa2324800 JavaThread "Unconstrained build operations Thread 56" [_thread_blocked, id=3112, stack(0x000000ae04800000,0x000000ae04900000)]
  0x0000024fa2325800 JavaThread "Unconstrained build operations Thread 57" [_thread_blocked, id=4648, stack(0x000000ae04900000,0x000000ae04a00000)]
  0x0000024fa2327000 JavaThread "Unconstrained build operations Thread 58" [_thread_blocked, id=3116, stack(0x000000ae04a00000,0x000000ae04b00000)]
  0x0000024fa2329000 JavaThread "Unconstrained build operations Thread 59" [_thread_blocked, id=8732, stack(0x000000ae04b00000,0x000000ae04c00000)]
  0x0000024fa2329800 JavaThread "Unconstrained build operations Thread 60" [_thread_blocked, id=8092, stack(0x000000ae04c00000,0x000000ae04d00000)]
  0x0000024fa2328000 JavaThread "Unconstrained build operations Thread 61" [_thread_blocked, id=10744, stack(0x000000ae04d00000,0x000000ae04e00000)]
  0x0000024fa232a800 JavaThread "Unconstrained build operations Thread 62" [_thread_blocked, id=13784, stack(0x000000ae04e00000,0x000000ae04f00000)]
  0x0000024fa232c000 JavaThread "Unconstrained build operations Thread 63" [_thread_blocked, id=32, stack(0x000000ae04f00000,0x000000ae05000000)]
  0x0000024fa232d000 JavaThread "Unconstrained build operations Thread 64" [_thread_blocked, id=7224, stack(0x000000ae05000000,0x000000ae05100000)]
  0x0000024fa232b800 JavaThread "Unconstrained build operations Thread 65" [_thread_blocked, id=7084, stack(0x000000ae05100000,0x000000ae05200000)]
  0x0000024fa396e800 JavaThread "Unconstrained build operations Thread 66" [_thread_blocked, id=8836, stack(0x000000ae05200000,0x000000ae05300000)]
  0x0000024fa3973000 JavaThread "Unconstrained build operations Thread 67" [_thread_blocked, id=14724, stack(0x000000ae05300000,0x000000ae05400000)]
  0x0000024fa396d800 JavaThread "Unconstrained build operations Thread 68" [_thread_blocked, id=15164, stack(0x000000ae05400000,0x000000ae05500000)]
  0x0000024fa3974000 JavaThread "Unconstrained build operations Thread 69" [_thread_blocked, id=5956, stack(0x000000ae05a00000,0x000000ae05b00000)]
  0x0000024fa3970800 JavaThread "Unconstrained build operations Thread 70" [_thread_blocked, id=10308, stack(0x000000ae05b00000,0x000000ae05c00000)]
  0x0000024fa3975000 JavaThread "Unconstrained build operations Thread 71" [_thread_blocked, id=9700, stack(0x000000ae05d00000,0x000000ae05e00000)]
  0x0000024fa396f000 JavaThread "Unconstrained build operations Thread 72" [_thread_blocked, id=12548, stack(0x000000ae05e00000,0x000000ae05f00000)]
  0x0000024fa3971800 JavaThread "Unconstrained build operations Thread 73" [_thread_blocked, id=3628, stack(0x000000ae05f00000,0x000000ae06000000)]
  0x0000024fa3975800 JavaThread "Unconstrained build operations Thread 74" [_thread_blocked, id=8296, stack(0x000000ae06000000,0x000000ae06100000)]
  0x0000024fa3970000 JavaThread "Unconstrained build operations Thread 75" [_thread_blocked, id=11416, stack(0x000000ae06100000,0x000000ae06200000)]
  0x0000024fa3972800 JavaThread "Unconstrained build operations Thread 76" [_thread_blocked, id=14776, stack(0x000000ae06200000,0x000000ae06300000)]
  0x0000024fa397b800 JavaThread "Unconstrained build operations Thread 77" [_thread_blocked, id=9140, stack(0x000000ae06300000,0x000000ae06400000)]
  0x0000024fa3976800 JavaThread "Unconstrained build operations Thread 78" [_thread_blocked, id=5356, stack(0x000000ae06400000,0x000000ae06500000)]
  0x0000024fa397c000 JavaThread "Unconstrained build operations Thread 79" [_thread_blocked, id=6148, stack(0x000000ae06600000,0x000000ae06700000)]
  0x0000024fa3977800 JavaThread "Unconstrained build operations Thread 80" [_thread_blocked, id=12296, stack(0x000000ae06800000,0x000000ae06900000)]

Other Threads:
=>0x0000024fa01dd800 VMThread "VM Thread" [stack: 0x000000ae7d600000,0x000000ae7d700000] [id=3260]
  0x0000024fa03bf800 WatcherThread [stack: 0x000000ae7e000000,0x000000ae7e100000] [id=1500]
  0x0000024f83562800 GCTaskThread "GC Thread#0" [stack: 0x000000ae7d100000,0x000000ae7d200000] [id=5496]
  0x0000024fa15d9800 GCTaskThread "GC Thread#1" [stack: 0x000000ae7e300000,0x000000ae7e400000] [id=9856]
  0x0000024fa15da800 GCTaskThread "GC Thread#2" [stack: 0x000000ae7e400000,0x000000ae7e500000] [id=8600]
  0x0000024fa1358000 GCTaskThread "GC Thread#3" [stack: 0x000000ae7e500000,0x000000ae7e600000] [id=2116]
  0x0000024fa0972000 GCTaskThread "GC Thread#4" [stack: 0x000000ae7e600000,0x000000ae7e700000] [id=14464]
  0x0000024fa111e000 GCTaskThread "GC Thread#5" [stack: 0x000000ae7e700000,0x000000ae7e800000] [id=12408]
  0x0000024fa2159000 GCTaskThread "GC Thread#6" [stack: 0x000000ae7f300000,0x000000ae7f400000] [id=3588]
  0x0000024fa16bd000 GCTaskThread "GC Thread#7" [stack: 0x000000ae7f400000,0x000000ae7f500000] [id=10860]
  0x0000024f83598800 ConcurrentGCThread "G1 Main Marker" [stack: 0x000000ae7d200000,0x000000ae7d300000] [id=11012]
  0x0000024f83599800 ConcurrentGCThread "G1 Conc#0" [stack: 0x000000ae7d300000,0x000000ae7d400000] [id=11988]
  0x0000024fa35d8800 ConcurrentGCThread "G1 Conc#1" [stack: 0x000000ae7f500000,0x000000ae7f600000] [id=9048]
  0x0000024f9f82a800 ConcurrentGCThread "G1 Refine#0" [stack: 0x000000ae7d400000,0x000000ae7d500000] [id=9604]
  0x0000024fa2c15000 ConcurrentGCThread "G1 Refine#1" [stack: 0x000000ae00200000,0x000000ae00300000] [id=10340]
  0x0000024f9f82b000 ConcurrentGCThread "G1 Young RemSet Sampling" [stack: 0x000000ae7d500000,0x000000ae7d600000] [id=12092]

Threads with active compile tasks:

VM state:at safepoint (normal execution)

VM Mutex/Monitor currently owned by a thread:  ([mutex/lock_event])
[0x0000024f835475c0] Threads_lock - owner thread: 0x0000024fa01dd800
[0x0000024f83547380] Heap_lock - owner thread: 0x0000024fa1b4f000

Heap address: 0x0000000080000000, size: 2048 MB, Compressed Oops mode: 32-bit
Narrow klass base: 0x0000000000000000, Narrow klass shift: 3
Compressed class space size: 1073741824 Address: 0x0000000100000000

Heap:
 garbage-first heap   total 262144K, used 143304K [0x0000000080000000, 0x0000000100000000)
  region size 1024K, 6 young (6144K), 6 survivors (6144K)
 Metaspace       used 118931K, capacity 122128K, committed 122180K, reserved 1167360K
  class space    used 15056K, capacity 16186K, committed 16228K, reserved 1048576K
Heap Regions: E=young(eden), S=young(survivor), O=old, HS=humongous(starts), HC=humongous(continues), CS=collection set, F=free, A=archive, TAMS=top-at-mark-start (previous, next)
|   0|0x0000000080000000, 0x0000000080100000, 0x0000000080100000|100%| O|  |TAMS 0x0000000080100000, 0x0000000080100000| Untracked 
|   1|0x0000000080100000, 0x0000000080200000, 0x0000000080200000|100%| O|  |TAMS 0x0000000080200000, 0x0000000080200000| Untracked 
|   2|0x0000000080200000, 0x0000000080300000, 0x0000000080300000|100%| O|  |TAMS 0x0000000080300000, 0x0000000080300000| Untracked 
|   3|0x0000000080300000, 0x0000000080400000, 0x0000000080400000|100%|HS|  |TAMS 0x0000000080400000, 0x0000000080400000| Complete 
|   4|0x0000000080400000, 0x0000000080500000, 0x0000000080500000|100%|HC|  |TAMS 0x0000000080500000, 0x0000000080500000| Complete 
|   5|0x0000000080500000, 0x0000000080600000, 0x0000000080600000|100%|HC|  |TAMS 0x0000000080600000, 0x0000000080600000| Complete 
|   6|0x0000000080600000, 0x0000000080700000, 0x0000000080700000|100%| O|  |TAMS 0x0000000080700000, 0x0000000080700000| Untracked 
|   7|0x0000000080700000, 0x0000000080800000, 0x0000000080800000|100%| O|  |TAMS 0x0000000080800000, 0x0000000080800000| Untracked 
|   8|0x0000000080800000, 0x0000000080900000, 0x0000000080900000|100%| O|  |TAMS 0x0000000080900000, 0x0000000080900000| Untracked 
|   9|0x0000000080900000, 0x0000000080a00000, 0x0000000080a00000|100%| O|  |TAMS 0x0000000080a00000, 0x0000000080a00000| Untracked 
|  10|0x0000000080a00000, 0x0000000080b00000, 0x0000000080b00000|100%| O|  |TAMS 0x0000000080b00000, 0x0000000080b00000| Untracked 
|  11|0x0000000080b00000, 0x0000000080c00000, 0x0000000080c00000|100%| O|  |TAMS 0x0000000080c00000, 0x0000000080c00000| Untracked 
|  12|0x0000000080c00000, 0x0000000080d00000, 0x0000000080d00000|100%| O|  |TAMS 0x0000000080d00000, 0x0000000080d00000| Untracked 
|  13|0x0000000080d00000, 0x0000000080e00000, 0x0000000080e00000|100%| O|  |TAMS 0x0000000080e00000, 0x0000000080e00000| Untracked 
|  14|0x0000000080e00000, 0x0000000080f00000, 0x0000000080f00000|100%| O|  |TAMS 0x0000000080f00000, 0x0000000080f00000| Untracked 
|  15|0x0000000080f00000, 0x0000000081000000, 0x0000000081000000|100%| O|  |TAMS 0x0000000081000000, 0x0000000081000000| Untracked 
|  16|0x0000000081000000, 0x0000000081100000, 0x0000000081100000|100%| O|  |TAMS 0x0000000081100000, 0x0000000081100000| Untracked 
|  17|0x0000000081100000, 0x0000000081200000, 0x0000000081200000|100%|HS|  |TAMS 0x0000000081200000, 0x0000000081200000| Complete 
|  18|0x0000000081200000, 0x0000000081300000, 0x0000000081300000|100%|HS|  |TAMS 0x0000000081300000, 0x0000000081300000| Complete 
|  19|0x0000000081300000, 0x0000000081400000, 0x0000000081400000|100%|HS|  |TAMS 0x0000000081400000, 0x0000000081400000| Complete 
|  20|0x0000000081400000, 0x0000000081500000, 0x0000000081500000|100%|HS|  |TAMS 0x0000000081500000, 0x0000000081500000| Complete 
|  21|0x0000000081500000, 0x0000000081600000, 0x0000000081600000|100%|HS|  |TAMS 0x0000000081600000, 0x0000000081600000| Complete 
|  22|0x0000000081600000, 0x0000000081700000, 0x0000000081700000|100%|HC|  |TAMS 0x0000000081700000, 0x0000000081700000| Complete 
|  23|0x0000000081700000, 0x0000000081800000, 0x0000000081800000|100%|HC|  |TAMS 0x0000000081800000, 0x0000000081800000| Complete 
|  24|0x0000000081800000, 0x0000000081900000, 0x0000000081900000|100%|HS|  |TAMS 0x0000000081900000, 0x0000000081900000| Complete 
|  25|0x0000000081900000, 0x0000000081a00000, 0x0000000081a00000|100%|HC|  |TAMS 0x0000000081a00000, 0x0000000081a00000| Complete 
|  26|0x0000000081a00000, 0x0000000081b00000, 0x0000000081b00000|100%| O|  |TAMS 0x0000000081b00000, 0x0000000081b00000| Untracked 
|  27|0x0000000081b00000, 0x0000000081c00000, 0x0000000081c00000|100%| O|  |TAMS 0x0000000081c00000, 0x0000000081c00000| Untracked 
|  28|0x0000000081c00000, 0x0000000081d00000, 0x0000000081d00000|100%| O|  |TAMS 0x0000000081d00000, 0x0000000081d00000| Untracked 
|  29|0x0000000081d00000, 0x0000000081e00000, 0x0000000081e00000|100%| O|  |TAMS 0x0000000081e00000, 0x0000000081e00000| Untracked 
|  30|0x0000000081e00000, 0x0000000081f00000, 0x0000000081f00000|100%| O|  |TAMS 0x0000000081f00000, 0x0000000081f00000| Untracked 
|  31|0x0000000081f00000, 0x0000000082000000, 0x0000000082000000|100%| O|  |TAMS 0x0000000082000000, 0x0000000082000000| Untracked 
|  32|0x0000000082000000, 0x0000000082100000, 0x0000000082100000|100%| O|  |TAMS 0x0000000082100000, 0x0000000082100000| Untracked 
|  33|0x0000000082100000, 0x0000000082200000, 0x0000000082200000|100%| O|  |TAMS 0x0000000082200000, 0x0000000082200000| Untracked 
|  34|0x0000000082200000, 0x0000000082300000, 0x0000000082300000|100%| O|  |TAMS 0x0000000082300000, 0x0000000082300000| Untracked 
|  35|0x0000000082300000, 0x0000000082400000, 0x0000000082400000|100%| O|  |TAMS 0x0000000082400000, 0x0000000082400000| Untracked 
|  36|0x0000000082400000, 0x0000000082500000, 0x0000000082500000|100%| O|  |TAMS 0x0000000082500000, 0x0000000082500000| Untracked 
|  37|0x0000000082500000, 0x0000000082600000, 0x0000000082600000|100%| O|  |TAMS 0x0000000082600000, 0x0000000082600000| Untracked 
|  38|0x0000000082600000, 0x0000000082700000, 0x0000000082700000|100%| O|  |TAMS 0x0000000082700000, 0x0000000082700000| Untracked 
|  39|0x0000000082700000, 0x0000000082800000, 0x0000000082800000|100%| O|  |TAMS 0x0000000082800000, 0x0000000082800000| Untracked 
|  40|0x0000000082800000, 0x0000000082900000, 0x0000000082900000|100%| O|  |TAMS 0x0000000082900000, 0x0000000082900000| Untracked 
|  41|0x0000000082900000, 0x0000000082a00000, 0x0000000082a00000|100%| O|  |TAMS 0x0000000082a00000, 0x0000000082a00000| Untracked 
|  42|0x0000000082a00000, 0x0000000082b00000, 0x0000000082b00000|100%| O|  |TAMS 0x0000000082b00000, 0x0000000082b00000| Untracked 
|  43|0x0000000082b00000, 0x0000000082c00000, 0x0000000082c00000|100%| O|  |TAMS 0x0000000082c00000, 0x0000000082c00000| Untracked 
|  44|0x0000000082c00000, 0x0000000082d00000, 0x0000000082d00000|100%| O|  |TAMS 0x0000000082d00000, 0x0000000082d00000| Untracked 
|  45|0x0000000082d00000, 0x0000000082e00000, 0x0000000082e00000|100%| O|  |TAMS 0x0000000082e00000, 0x0000000082e00000| Untracked 
|  46|0x0000000082e00000, 0x0000000082f00000, 0x0000000082f00000|100%| O|  |TAMS 0x0000000082f00000, 0x0000000082f00000| Untracked 
|  47|0x0000000082f00000, 0x0000000083000000, 0x0000000083000000|100%| O|  |TAMS 0x0000000083000000, 0x0000000083000000| Untracked 
|  48|0x0000000083000000, 0x0000000083100000, 0x0000000083100000|100%| O|  |TAMS 0x0000000083100000, 0x0000000083100000| Untracked 
|  49|0x0000000083100000, 0x0000000083200000, 0x0000000083200000|100%| O|  |TAMS 0x0000000083200000, 0x0000000083200000| Untracked 
|  50|0x0000000083200000, 0x0000000083300000, 0x0000000083300000|100%| O|  |TAMS 0x0000000083300000, 0x0000000083300000| Untracked 
|  51|0x0000000083300000, 0x0000000083400000, 0x0000000083400000|100%| O|  |TAMS 0x0000000083400000, 0x0000000083400000| Untracked 
|  52|0x0000000083400000, 0x0000000083500000, 0x0000000083500000|100%| O|  |TAMS 0x0000000083500000, 0x0000000083500000| Untracked 
|  53|0x0000000083500000, 0x0000000083600000, 0x0000000083600000|100%| O|  |TAMS 0x0000000083600000, 0x0000000083600000| Untracked 
|  54|0x0000000083600000, 0x0000000083700000, 0x0000000083700000|100%| O|  |TAMS 0x0000000083700000, 0x0000000083700000| Untracked 
|  55|0x0000000083700000, 0x0000000083800000, 0x0000000083800000|100%| O|  |TAMS 0x0000000083800000, 0x0000000083800000| Untracked 
|  56|0x0000000083800000, 0x0000000083900000, 0x0000000083900000|100%| O|  |TAMS 0x0000000083900000, 0x0000000083900000| Untracked 
|  57|0x0000000083900000, 0x0000000083a00000, 0x0000000083a00000|100%| O|  |TAMS 0x0000000083a00000, 0x0000000083a00000| Untracked 
|  58|0x0000000083a00000, 0x0000000083b00000, 0x0000000083b00000|100%| O|  |TAMS 0x0000000083b00000, 0x0000000083b00000| Untracked 
|  59|0x0000000083b00000, 0x0000000083c00000, 0x0000000083c00000|100%| O|  |TAMS 0x0000000083c00000, 0x0000000083c00000| Untracked 
|  60|0x0000000083c00000, 0x0000000083d00000, 0x0000000083d00000|100%| O|  |TAMS 0x0000000083d00000, 0x0000000083d00000| Untracked 
|  61|0x0000000083d00000, 0x0000000083e00000, 0x0000000083e00000|100%| O|  |TAMS 0x0000000083e00000, 0x0000000083e00000| Untracked 
|  62|0x0000000083e00000, 0x0000000083f00000, 0x0000000083f00000|100%| O|  |TAMS 0x0000000083f00000, 0x0000000083f00000| Untracked 
|  63|0x0000000083f00000, 0x0000000084000000, 0x0000000084000000|100%| O|  |TAMS 0x0000000084000000, 0x0000000084000000| Untracked 
|  64|0x0000000084000000, 0x0000000084100000, 0x0000000084100000|100%| O|  |TAMS 0x0000000084100000, 0x0000000084100000| Untracked 
|  65|0x0000000084100000, 0x0000000084200000, 0x0000000084200000|100%| O|  |TAMS 0x0000000084200000, 0x0000000084200000| Untracked 
|  66|0x0000000084200000, 0x0000000084300000, 0x0000000084300000|100%| O|  |TAMS 0x0000000084300000, 0x0000000084300000| Untracked 
|  67|0x0000000084300000, 0x0000000084400000, 0x0000000084400000|100%| O|  |TAMS 0x0000000084400000, 0x0000000084400000| Untracked 
|  68|0x0000000084400000, 0x0000000084500000, 0x0000000084500000|100%| O|  |TAMS 0x0000000084500000, 0x0000000084500000| Untracked 
|  69|0x0000000084500000, 0x0000000084600000, 0x0000000084600000|100%| O|  |TAMS 0x0000000084600000, 0x0000000084600000| Untracked 
|  70|0x0000000084600000, 0x0000000084700000, 0x0000000084700000|100%| O|  |TAMS 0x0000000084700000, 0x0000000084700000| Untracked 
|  71|0x0000000084700000, 0x0000000084800000, 0x0000000084800000|100%| O|  |TAMS 0x0000000084800000, 0x0000000084800000| Untracked 
|  72|0x0000000084800000, 0x0000000084900000, 0x0000000084900000|100%| O|  |TAMS 0x0000000084900000, 0x0000000084900000| Untracked 
|  73|0x0000000084900000, 0x0000000084a00000, 0x0000000084a00000|100%|HS|  |TAMS 0x0000000084a00000, 0x0000000084a00000| Complete 
|  74|0x0000000084a00000, 0x0000000084b00000, 0x0000000084b00000|100%|HC|  |TAMS 0x0000000084b00000, 0x0000000084b00000| Complete 
|  75|0x0000000084b00000, 0x0000000084c00000, 0x0000000084c00000|100%|HC|  |TAMS 0x0000000084c00000, 0x0000000084c00000| Complete 
|  76|0x0000000084c00000, 0x0000000084d00000, 0x0000000084d00000|100%| O|  |TAMS 0x0000000084d00000, 0x0000000084d00000| Untracked 
|  77|0x0000000084d00000, 0x0000000084e00000, 0x0000000084e00000|100%| O|  |TAMS 0x0000000084e00000, 0x0000000084e00000| Untracked 
|  78|0x0000000084e00000, 0x0000000084f00000, 0x0000000084f00000|100%| O|  |TAMS 0x0000000084f00000, 0x0000000084f00000| Untracked 
|  79|0x0000000084f00000, 0x0000000085000000, 0x0000000085000000|100%| O|  |TAMS 0x0000000085000000, 0x0000000085000000| Untracked 
|  80|0x0000000085000000, 0x0000000085100000, 0x0000000085100000|100%|HS|  |TAMS 0x0000000085100000, 0x0000000085100000| Complete 
|  81|0x0000000085100000, 0x0000000085200000, 0x0000000085200000|100%|HC|  |TAMS 0x0000000085200000, 0x0000000085200000| Complete 
|  82|0x0000000085200000, 0x0000000085300000, 0x0000000085300000|100%|HS|  |TAMS 0x0000000085300000, 0x0000000085300000| Complete 
|  83|0x0000000085300000, 0x0000000085400000, 0x0000000085400000|100%|HC|  |TAMS 0x0000000085400000, 0x0000000085400000| Complete 
|  84|0x0000000085400000, 0x0000000085500000, 0x0000000085500000|100%|HC|  |TAMS 0x0000000085500000, 0x0000000085500000| Complete 
|  85|0x0000000085500000, 0x0000000085600000, 0x0000000085600000|100%|HS|  |TAMS 0x0000000085600000, 0x0000000085600000| Complete 
|  86|0x0000000085600000, 0x0000000085700000, 0x0000000085700000|100%|HC|  |TAMS 0x0000000085700000, 0x0000000085700000| Complete 
|  87|0x0000000085700000, 0x0000000085800000, 0x0000000085800000|100%|HC|  |TAMS 0x0000000085800000, 0x0000000085800000| Complete 
|  88|0x0000000085800000, 0x0000000085900000, 0x0000000085900000|100%|HC|  |TAMS 0x0000000085900000, 0x0000000085900000| Complete 
|  89|0x0000000085900000, 0x0000000085a00000, 0x0000000085a00000|100%| O|  |TAMS 0x0000000085a00000, 0x0000000085a00000| Untracked 
|  90|0x0000000085a00000, 0x0000000085b00000, 0x0000000085b00000|100%| O|  |TAMS 0x0000000085b00000, 0x0000000085b00000| Untracked 
|  91|0x0000000085b00000, 0x0000000085c00000, 0x0000000085c00000|100%| O|  |TAMS 0x0000000085c00000, 0x0000000085c00000| Untracked 
|  92|0x0000000085c00000, 0x0000000085d00000, 0x0000000085d00000|100%| O|  |TAMS 0x0000000085d00000, 0x0000000085d00000| Untracked 
|  93|0x0000000085d00000, 0x0000000085e00000, 0x0000000085e00000|100%| O|  |TAMS 0x0000000085e00000, 0x0000000085e00000| Untracked 
|  94|0x0000000085e00000, 0x0000000085f00000, 0x0000000085f00000|100%| O|  |TAMS 0x0000000085f00000, 0x0000000085f00000| Untracked 
|  95|0x0000000085f00000, 0x0000000086000000, 0x0000000086000000|100%| O|  |TAMS 0x0000000086000000, 0x0000000086000000| Untracked 
|  96|0x0000000086000000, 0x0000000086100000, 0x0000000086100000|100%| O|  |TAMS 0x0000000086100000, 0x0000000086100000| Untracked 
|  97|0x0000000086100000, 0x0000000086200000, 0x0000000086200000|100%| O|  |TAMS 0x0000000086200000, 0x0000000086200000| Untracked 
|  98|0x0000000086200000, 0x0000000086300000, 0x0000000086300000|100%| O|  |TAMS 0x0000000086300000, 0x0000000086300000| Untracked 
|  99|0x0000000086300000, 0x0000000086400000, 0x0000000086400000|100%| O|  |TAMS 0x0000000086400000, 0x0000000086400000| Untracked 
| 100|0x0000000086400000, 0x0000000086500000, 0x0000000086500000|100%| O|  |TAMS 0x0000000086500000, 0x0000000086500000| Untracked 
| 101|0x0000000086500000, 0x0000000086600000, 0x0000000086600000|100%| O|  |TAMS 0x0000000086600000, 0x0000000086600000| Untracked 
| 102|0x0000000086600000, 0x0000000086700000, 0x0000000086700000|100%| O|  |TAMS 0x0000000086700000, 0x0000000086700000| Untracked 
| 103|0x0000000086700000, 0x0000000086800000, 0x0000000086800000|100%| O|  |TAMS 0x0000000086800000, 0x0000000086800000| Untracked 
| 104|0x0000000086800000, 0x0000000086900000, 0x0000000086900000|100%| O|  |TAMS 0x0000000086900000, 0x0000000086900000| Untracked 
| 105|0x0000000086900000, 0x0000000086a00000, 0x0000000086a00000|100%|HS|  |TAMS 0x0000000086a00000, 0x0000000086a00000| Complete 
| 106|0x0000000086a00000, 0x0000000086b00000, 0x0000000086b00000|100%|HC|  |TAMS 0x0000000086b00000, 0x0000000086b00000| Complete 
| 107|0x0000000086b00000, 0x0000000086c00000, 0x0000000086c00000|100%|HC|  |TAMS 0x0000000086c00000, 0x0000000086c00000| Complete 
| 108|0x0000000086c00000, 0x0000000086d00000, 0x0000000086d00000|100%|HC|  |TAMS 0x0000000086d00000, 0x0000000086d00000| Complete 
| 109|0x0000000086d00000, 0x0000000086e00000, 0x0000000086e00000|100%|HS|  |TAMS 0x0000000086e00000, 0x0000000086e00000| Complete 
| 110|0x0000000086e00000, 0x0000000086f00000, 0x0000000086f00000|100%|HC|  |TAMS 0x0000000086f00000, 0x0000000086f00000| Complete 
| 111|0x0000000086f00000, 0x0000000087000000, 0x0000000087000000|100%|HS|  |TAMS 0x0000000087000000, 0x0000000087000000| Complete 
| 112|0x0000000087000000, 0x0000000087100000, 0x0000000087100000|100%|HC|  |TAMS 0x0000000087100000, 0x0000000087100000| Complete 
| 113|0x0000000087100000, 0x0000000087200000, 0x0000000087200000|100%|HC|  |TAMS 0x0000000087200000, 0x0000000087200000| Complete 
| 114|0x0000000087200000, 0x0000000087300000, 0x0000000087300000|100%|HS|  |TAMS 0x0000000087300000, 0x0000000087300000| Complete 
| 115|0x0000000087300000, 0x0000000087400000, 0x0000000087400000|100%|HC|  |TAMS 0x0000000087400000, 0x0000000087400000| Complete 
| 116|0x0000000087400000, 0x0000000087500000, 0x0000000087500000|100%|HC|  |TAMS 0x0000000087500000, 0x0000000087500000| Complete 
| 117|0x0000000087500000, 0x0000000087600000, 0x0000000087600000|100%|HC|  |TAMS 0x0000000087600000, 0x0000000087600000| Complete 
| 118|0x0000000087600000, 0x0000000087700000, 0x0000000087700000|100%| O|  |TAMS 0x0000000087700000, 0x0000000087700000| Untracked 
| 119|0x0000000087700000, 0x0000000087800000, 0x0000000087800000|100%| O|  |TAMS 0x0000000087800000, 0x0000000087800000| Untracked 
| 120|0x0000000087800000, 0x0000000087900000, 0x0000000087900000|100%| O|  |TAMS 0x0000000087900000, 0x0000000087900000| Untracked 
| 121|0x0000000087900000, 0x0000000087a00000, 0x0000000087a00000|100%| O|  |TAMS 0x0000000087a00000, 0x0000000087a00000| Untracked 
| 122|0x0000000087a00000, 0x0000000087b00000, 0x0000000087b00000|100%| O|  |TAMS 0x0000000087a3fc00, 0x0000000087b00000| Untracked 
| 123|0x0000000087b00000, 0x0000000087b00000, 0x0000000087c00000|  0%| F|  |TAMS 0x0000000087b00000, 0x0000000087b00000| Untracked 
| 124|0x0000000087c00000, 0x0000000087d00000, 0x0000000087d00000|100%| O|  |TAMS 0x0000000087c00000, 0x0000000087d00000| Untracked 
| 125|0x0000000087d00000, 0x0000000087e00000, 0x0000000087e00000|100%| O|  |TAMS 0x0000000087d00000, 0x0000000087e00000| Untracked 
| 126|0x0000000087e00000, 0x0000000087f00000, 0x0000000087f00000|100%| O|  |TAMS 0x0000000087e00000, 0x0000000087f00000| Untracked 
| 127|0x0000000087f00000, 0x0000000088000000, 0x0000000088000000|100%| O|  |TAMS 0x0000000087f00000, 0x0000000088000000| Untracked 
| 128|0x0000000088000000, 0x0000000088100000, 0x0000000088100000|100%| O|  |TAMS 0x0000000088000000, 0x0000000088100000| Untracked 
| 129|0x0000000088100000, 0x0000000088200000, 0x0000000088200000|100%| O|  |TAMS 0x0000000088100000, 0x0000000088200000| Untracked 
| 130|0x0000000088200000, 0x0000000088300000, 0x0000000088300000|100%| O|  |TAMS 0x0000000088200000, 0x0000000088300000| Untracked 
| 131|0x0000000088300000, 0x0000000088400000, 0x0000000088400000|100%| O|  |TAMS 0x0000000088300000, 0x0000000088400000| Untracked 
| 132|0x0000000088400000, 0x0000000088500000, 0x0000000088500000|100%| O|  |TAMS 0x0000000088400000, 0x0000000088500000| Untracked 
| 133|0x0000000088500000, 0x0000000088600000, 0x0000000088600000|100%| O|  |TAMS 0x0000000088500000, 0x0000000088600000| Untracked 
| 134|0x0000000088600000, 0x0000000088700000, 0x0000000088700000|100%| O|  |TAMS 0x0000000088600000, 0x0000000088700000| Untracked 
| 135|0x0000000088700000, 0x0000000088724600, 0x0000000088800000| 14%| O|  |TAMS 0x0000000088700000, 0x0000000088724600| Untracked 
| 136|0x0000000088800000, 0x0000000088800000, 0x0000000088900000|  0%| F|  |TAMS 0x0000000088800000, 0x0000000088800000| Untracked 
| 137|0x0000000088900000, 0x0000000088900000, 0x0000000088a00000|  0%| F|  |TAMS 0x0000000088900000, 0x0000000088900000| Untracked 
| 138|0x0000000088a00000, 0x0000000088a00000, 0x0000000088b00000|  0%| F|  |TAMS 0x0000000088a00000, 0x0000000088a00000| Untracked 
| 139|0x0000000088b00000, 0x0000000088b00000, 0x0000000088c00000|  0%| F|  |TAMS 0x0000000088b00000, 0x0000000088b00000| Untracked 
| 140|0x0000000088c00000, 0x0000000088c00000, 0x0000000088d00000|  0%| F|  |TAMS 0x0000000088c00000, 0x0000000088c00000| Untracked 
| 141|0x0000000088d00000, 0x0000000088d00000, 0x0000000088e00000|  0%| F|  |TAMS 0x0000000088d00000, 0x0000000088d00000| Untracked 
| 142|0x0000000088e00000, 0x0000000088e00000, 0x0000000088f00000|  0%| F|  |TAMS 0x0000000088e00000, 0x0000000088e00000| Untracked 
| 143|0x0000000088f00000, 0x0000000088f00000, 0x0000000089000000|  0%| F|  |TAMS 0x0000000088f00000, 0x0000000088f00000| Untracked 
| 144|0x0000000089000000, 0x0000000089000000, 0x0000000089100000|  0%| F|  |TAMS 0x0000000089000000, 0x0000000089000000| Untracked 
| 145|0x0000000089100000, 0x0000000089100000, 0x0000000089200000|  0%| F|  |TAMS 0x0000000089100000, 0x0000000089100000| Untracked 
| 146|0x0000000089200000, 0x0000000089200000, 0x0000000089300000|  0%| F|  |TAMS 0x0000000089200000, 0x0000000089200000| Untracked 
| 147|0x0000000089300000, 0x0000000089300000, 0x0000000089400000|  0%| F|  |TAMS 0x0000000089300000, 0x0000000089300000| Untracked 
| 148|0x0000000089400000, 0x0000000089400000, 0x0000000089500000|  0%| F|  |TAMS 0x0000000089400000, 0x0000000089400000| Untracked 
| 149|0x0000000089500000, 0x0000000089500000, 0x0000000089600000|  0%| F|  |TAMS 0x0000000089500000, 0x0000000089500000| Untracked 
| 150|0x0000000089600000, 0x0000000089600000, 0x0000000089700000|  0%| F|  |TAMS 0x0000000089600000, 0x0000000089600000| Untracked 
| 151|0x0000000089700000, 0x0000000089700000, 0x0000000089800000|  0%| F|  |TAMS 0x0000000089700000, 0x0000000089700000| Untracked 
| 152|0x0000000089800000, 0x0000000089800000, 0x0000000089900000|  0%| F|  |TAMS 0x0000000089800000, 0x0000000089800000| Untracked 
| 153|0x0000000089900000, 0x0000000089900000, 0x0000000089a00000|  0%| F|  |TAMS 0x0000000089900000, 0x0000000089900000| Untracked 
| 154|0x0000000089a00000, 0x0000000089a00000, 0x0000000089b00000|  0%| F|  |TAMS 0x0000000089a00000, 0x0000000089a00000| Untracked 
| 155|0x0000000089b00000, 0x0000000089b00000, 0x0000000089c00000|  0%| F|  |TAMS 0x0000000089b00000, 0x0000000089b00000| Untracked 
| 156|0x0000000089c00000, 0x0000000089c00000, 0x0000000089d00000|  0%| F|  |TAMS 0x0000000089c00000, 0x0000000089c00000| Untracked 
| 157|0x0000000089d00000, 0x0000000089d00000, 0x0000000089e00000|  0%| F|  |TAMS 0x0000000089d00000, 0x0000000089d00000| Untracked 
| 158|0x0000000089e00000, 0x0000000089e00000, 0x0000000089f00000|  0%| F|  |TAMS 0x0000000089e00000, 0x0000000089e00000| Untracked 
| 159|0x0000000089f00000, 0x0000000089f00000, 0x000000008a000000|  0%| F|  |TAMS 0x0000000089f00000, 0x0000000089f00000| Untracked 
| 160|0x000000008a000000, 0x000000008a000000, 0x000000008a100000|  0%| F|  |TAMS 0x000000008a000000, 0x000000008a000000| Untracked 
| 161|0x000000008a100000, 0x000000008a100000, 0x000000008a200000|  0%| F|  |TAMS 0x000000008a100000, 0x000000008a100000| Untracked 
| 162|0x000000008a200000, 0x000000008a200000, 0x000000008a300000|  0%| F|  |TAMS 0x000000008a200000, 0x000000008a200000| Untracked 
| 163|0x000000008a300000, 0x000000008a300000, 0x000000008a400000|  0%| F|  |TAMS 0x000000008a300000, 0x000000008a300000| Untracked 
| 164|0x000000008a400000, 0x000000008a400000, 0x000000008a500000|  0%| F|  |TAMS 0x000000008a400000, 0x000000008a400000| Untracked 
| 165|0x000000008a500000, 0x000000008a500000, 0x000000008a600000|  0%| F|  |TAMS 0x000000008a500000, 0x000000008a500000| Untracked 
| 166|0x000000008a600000, 0x000000008a600000, 0x000000008a700000|  0%| F|  |TAMS 0x000000008a600000, 0x000000008a600000| Untracked 
| 167|0x000000008a700000, 0x000000008a700000, 0x000000008a800000|  0%| F|  |TAMS 0x000000008a700000, 0x000000008a700000| Untracked 
| 168|0x000000008a800000, 0x000000008a800000, 0x000000008a900000|  0%| F|  |TAMS 0x000000008a800000, 0x000000008a800000| Untracked 
| 169|0x000000008a900000, 0x000000008a900000, 0x000000008aa00000|  0%| F|  |TAMS 0x000000008a900000, 0x000000008a900000| Untracked 
| 170|0x000000008aa00000, 0x000000008aa00000, 0x000000008ab00000|  0%| F|  |TAMS 0x000000008aa00000, 0x000000008aa00000| Untracked 
| 171|0x000000008ab00000, 0x000000008ab00000, 0x000000008ac00000|  0%| F|  |TAMS 0x000000008ab00000, 0x000000008ab00000| Untracked 
| 172|0x000000008ac00000, 0x000000008ac00000, 0x000000008ad00000|  0%| F|  |TAMS 0x000000008ac00000, 0x000000008ac00000| Untracked 
| 173|0x000000008ad00000, 0x000000008ad00000, 0x000000008ae00000|  0%| F|  |TAMS 0x000000008ad00000, 0x000000008ad00000| Untracked 
| 174|0x000000008ae00000, 0x000000008ae00000, 0x000000008af00000|  0%| F|  |TAMS 0x000000008ae00000, 0x000000008ae00000| Untracked 
| 175|0x000000008af00000, 0x000000008af00000, 0x000000008b000000|  0%| F|  |TAMS 0x000000008af00000, 0x000000008af00000| Untracked 
| 176|0x000000008b000000, 0x000000008b000000, 0x000000008b100000|  0%| F|  |TAMS 0x000000008b000000, 0x000000008b000000| Untracked 
| 177|0x000000008b100000, 0x000000008b100000, 0x000000008b200000|  0%| F|  |TAMS 0x000000008b100000, 0x000000008b100000| Untracked 
| 178|0x000000008b200000, 0x000000008b200000, 0x000000008b300000|  0%| F|  |TAMS 0x000000008b200000, 0x000000008b200000| Untracked 
| 179|0x000000008b300000, 0x000000008b300000, 0x000000008b400000|  0%| F|  |TAMS 0x000000008b300000, 0x000000008b300000| Untracked 
| 180|0x000000008b400000, 0x000000008b400000, 0x000000008b500000|  0%| F|  |TAMS 0x000000008b400000, 0x000000008b400000| Untracked 
| 181|0x000000008b500000, 0x000000008b500000, 0x000000008b600000|  0%| F|  |TAMS 0x000000008b500000, 0x000000008b500000| Untracked 
| 182|0x000000008b600000, 0x000000008b600000, 0x000000008b700000|  0%| F|  |TAMS 0x000000008b600000, 0x000000008b600000| Untracked 
| 183|0x000000008b700000, 0x000000008b700000, 0x000000008b800000|  0%| F|  |TAMS 0x000000008b700000, 0x000000008b700000| Untracked 
| 184|0x000000008b800000, 0x000000008b800000, 0x000000008b900000|  0%| F|  |TAMS 0x000000008b800000, 0x000000008b800000| Untracked 
| 185|0x000000008b900000, 0x000000008b9cdbe0, 0x000000008ba00000| 80%| S|CS|TAMS 0x000000008b900000, 0x000000008b900000| Complete 
| 186|0x000000008ba00000, 0x000000008bb00000, 0x000000008bb00000|100%| S|CS|TAMS 0x000000008ba00000, 0x000000008ba00000| Complete 
| 187|0x000000008bb00000, 0x000000008bc00000, 0x000000008bc00000|100%| S|CS|TAMS 0x000000008bb00000, 0x000000008bb00000| Complete 
| 188|0x000000008bc00000, 0x000000008bd00000, 0x000000008bd00000|100%| S|CS|TAMS 0x000000008bc00000, 0x000000008bc00000| Complete 
| 189|0x000000008bd00000, 0x000000008be00000, 0x000000008be00000|100%| S|CS|TAMS 0x000000008bd00000, 0x000000008bd00000| Complete 
| 190|0x000000008be00000, 0x000000008bf00000, 0x000000008bf00000|100%| S|CS|TAMS 0x000000008be00000, 0x000000008be00000| Complete 
| 191|0x000000008bf00000, 0x000000008bf00000, 0x000000008c000000|  0%| F|  |TAMS 0x000000008bf00000, 0x000000008bf00000| Untracked 
| 192|0x000000008c000000, 0x000000008c000000, 0x000000008c100000|  0%| F|  |TAMS 0x000000008c000000, 0x000000008c000000| Untracked 
| 193|0x000000008c100000, 0x000000008c100000, 0x000000008c200000|  0%| F|  |TAMS 0x000000008c100000, 0x000000008c100000| Untracked 
| 194|0x000000008c200000, 0x000000008c200000, 0x000000008c300000|  0%| F|  |TAMS 0x000000008c200000, 0x000000008c200000| Untracked 
| 195|0x000000008c300000, 0x000000008c300000, 0x000000008c400000|  0%| F|  |TAMS 0x000000008c300000, 0x000000008c300000| Untracked 
| 196|0x000000008c400000, 0x000000008c400000, 0x000000008c500000|  0%| F|  |TAMS 0x000000008c400000, 0x000000008c400000| Untracked 
| 197|0x000000008c500000, 0x000000008c500000, 0x000000008c600000|  0%| F|  |TAMS 0x000000008c500000, 0x000000008c500000| Untracked 
| 198|0x000000008c600000, 0x000000008c600000, 0x000000008c700000|  0%| F|  |TAMS 0x000000008c600000, 0x000000008c600000| Untracked 
| 199|0x000000008c700000, 0x000000008c700000, 0x000000008c800000|  0%| F|  |TAMS 0x000000008c700000, 0x000000008c700000| Untracked 
| 200|0x000000008c800000, 0x000000008c800000, 0x000000008c900000|  0%| F|  |TAMS 0x000000008c800000, 0x000000008c800000| Untracked 
| 201|0x000000008c900000, 0x000000008c900000, 0x000000008ca00000|  0%| F|  |TAMS 0x000000008c900000, 0x000000008c900000| Untracked 
| 202|0x000000008ca00000, 0x000000008ca00000, 0x000000008cb00000|  0%| F|  |TAMS 0x000000008ca00000, 0x000000008ca00000| Untracked 
| 203|0x000000008cb00000, 0x000000008cb00000, 0x000000008cc00000|  0%| F|  |TAMS 0x000000008cb00000, 0x000000008cb00000| Untracked 
| 204|0x000000008cc00000, 0x000000008cc00000, 0x000000008cd00000|  0%| F|  |TAMS 0x000000008cc00000, 0x000000008cc00000| Untracked 
| 205|0x000000008cd00000, 0x000000008cd00000, 0x000000008ce00000|  0%| F|  |TAMS 0x000000008cd00000, 0x000000008cd00000| Untracked 
| 206|0x000000008ce00000, 0x000000008ce00000, 0x000000008cf00000|  0%| F|  |TAMS 0x000000008ce00000, 0x000000008ce00000| Untracked 
| 207|0x000000008cf00000, 0x000000008cf00000, 0x000000008d000000|  0%| F|  |TAMS 0x000000008cf00000, 0x000000008cf00000| Untracked 
| 208|0x000000008d000000, 0x000000008d000000, 0x000000008d100000|  0%| F|  |TAMS 0x000000008d000000, 0x000000008d000000| Untracked 
| 209|0x000000008d100000, 0x000000008d100000, 0x000000008d200000|  0%| F|  |TAMS 0x000000008d100000, 0x000000008d100000| Untracked 
| 210|0x000000008d200000, 0x000000008d200000, 0x000000008d300000|  0%| F|  |TAMS 0x000000008d200000, 0x000000008d200000| Untracked 
| 211|0x000000008d300000, 0x000000008d300000, 0x000000008d400000|  0%| F|  |TAMS 0x000000008d300000, 0x000000008d300000| Untracked 
| 212|0x000000008d400000, 0x000000008d400000, 0x000000008d500000|  0%| F|  |TAMS 0x000000008d400000, 0x000000008d400000| Untracked 
| 213|0x000000008d500000, 0x000000008d500000, 0x000000008d600000|  0%| F|  |TAMS 0x000000008d500000, 0x000000008d500000| Untracked 
| 214|0x000000008d600000, 0x000000008d600000, 0x000000008d700000|  0%| F|  |TAMS 0x000000008d600000, 0x000000008d600000| Untracked 
| 215|0x000000008d700000, 0x000000008d700000, 0x000000008d800000|  0%| F|  |TAMS 0x000000008d700000, 0x000000008d700000| Untracked 
| 216|0x000000008d800000, 0x000000008d800000, 0x000000008d900000|  0%| F|  |TAMS 0x000000008d800000, 0x000000008d800000| Untracked 
| 217|0x000000008d900000, 0x000000008d900000, 0x000000008da00000|  0%| F|  |TAMS 0x000000008d900000, 0x000000008d900000| Untracked 
| 218|0x000000008da00000, 0x000000008da00000, 0x000000008db00000|  0%| F|  |TAMS 0x000000008da00000, 0x000000008da00000| Untracked 
| 219|0x000000008db00000, 0x000000008db00000, 0x000000008dc00000|  0%| F|  |TAMS 0x000000008db00000, 0x000000008db00000| Untracked 
| 220|0x000000008dc00000, 0x000000008dc00000, 0x000000008dd00000|  0%| F|  |TAMS 0x000000008dc00000, 0x000000008dc00000| Untracked 
| 221|0x000000008dd00000, 0x000000008dd00000, 0x000000008de00000|  0%| F|  |TAMS 0x000000008dd00000, 0x000000008dd00000| Untracked 
| 222|0x000000008de00000, 0x000000008de00000, 0x000000008df00000|  0%| F|  |TAMS 0x000000008de00000, 0x000000008de00000| Untracked 
| 223|0x000000008df00000, 0x000000008df00000, 0x000000008e000000|  0%| F|  |TAMS 0x000000008df00000, 0x000000008df00000| Untracked 
| 224|0x000000008e000000, 0x000000008e000000, 0x000000008e100000|  0%| F|  |TAMS 0x000000008e000000, 0x000000008e000000| Untracked 
| 225|0x000000008e100000, 0x000000008e100000, 0x000000008e200000|  0%| F|  |TAMS 0x000000008e100000, 0x000000008e100000| Untracked 
| 226|0x000000008e200000, 0x000000008e200000, 0x000000008e300000|  0%| F|  |TAMS 0x000000008e200000, 0x000000008e200000| Untracked 
| 227|0x000000008e300000, 0x000000008e300000, 0x000000008e400000|  0%| F|  |TAMS 0x000000008e300000, 0x000000008e300000| Untracked 
| 228|0x000000008e400000, 0x000000008e400000, 0x000000008e500000|  0%| F|  |TAMS 0x000000008e400000, 0x000000008e400000| Untracked 
| 229|0x000000008e500000, 0x000000008e500000, 0x000000008e600000|  0%| F|  |TAMS 0x000000008e500000, 0x000000008e500000| Untracked 
| 230|0x000000008e600000, 0x000000008e600000, 0x000000008e700000|  0%| F|  |TAMS 0x000000008e600000, 0x000000008e600000| Untracked 
| 231|0x000000008e700000, 0x000000008e700000, 0x000000008e800000|  0%| F|  |TAMS 0x000000008e700000, 0x000000008e700000| Untracked 
| 232|0x000000008e800000, 0x000000008e800000, 0x000000008e900000|  0%| F|  |TAMS 0x000000008e800000, 0x000000008e800000| Untracked 
| 233|0x000000008e900000, 0x000000008e900000, 0x000000008ea00000|  0%| F|  |TAMS 0x000000008e900000, 0x000000008e900000| Untracked 
| 234|0x000000008ea00000, 0x000000008ea00000, 0x000000008eb00000|  0%| F|  |TAMS 0x000000008ea00000, 0x000000008ea00000| Untracked 
| 235|0x000000008eb00000, 0x000000008eb00000, 0x000000008ec00000|  0%| F|  |TAMS 0x000000008eb00000, 0x000000008eb00000| Untracked 
| 236|0x000000008ec00000, 0x000000008ec00000, 0x000000008ed00000|  0%| F|  |TAMS 0x000000008ec00000, 0x000000008ec00000| Untracked 
| 237|0x000000008ed00000, 0x000000008ed00000, 0x000000008ee00000|  0%| F|  |TAMS 0x000000008ed00000, 0x000000008ed00000| Untracked 
| 238|0x000000008ee00000, 0x000000008ee00000, 0x000000008ef00000|  0%| F|  |TAMS 0x000000008ee00000, 0x000000008ee00000| Untracked 
| 239|0x000000008ef00000, 0x000000008ef00000, 0x000000008f000000|  0%| F|  |TAMS 0x000000008ef00000, 0x000000008ef00000| Untracked 
| 240|0x000000008f000000, 0x000000008f000000, 0x000000008f100000|  0%| F|  |TAMS 0x000000008f000000, 0x000000008f000000| Untracked 
| 241|0x000000008f100000, 0x000000008f100000, 0x000000008f200000|  0%| F|  |TAMS 0x000000008f100000, 0x000000008f100000| Untracked 
| 242|0x000000008f200000, 0x000000008f200000, 0x000000008f300000|  0%| F|  |TAMS 0x000000008f200000, 0x000000008f200000| Untracked 
| 243|0x000000008f300000, 0x000000008f300000, 0x000000008f400000|  0%| F|  |TAMS 0x000000008f300000, 0x000000008f300000| Untracked 
| 244|0x000000008f400000, 0x000000008f400000, 0x000000008f500000|  0%| F|  |TAMS 0x000000008f400000, 0x000000008f400000| Untracked 
| 245|0x000000008f500000, 0x000000008f500000, 0x000000008f600000|  0%| F|  |TAMS 0x000000008f500000, 0x000000008f500000| Untracked 
| 246|0x000000008f600000, 0x000000008f600000, 0x000000008f700000|  0%| F|  |TAMS 0x000000008f600000, 0x000000008f600000| Untracked 
| 247|0x000000008f700000, 0x000000008f700000, 0x000000008f800000|  0%| F|  |TAMS 0x000000008f700000, 0x000000008f700000| Untracked 
| 248|0x000000008f800000, 0x000000008f800000, 0x000000008f900000|  0%| F|  |TAMS 0x000000008f800000, 0x000000008f800000| Untracked 
| 249|0x000000008f900000, 0x000000008f900000, 0x000000008fa00000|  0%| F|  |TAMS 0x000000008f900000, 0x000000008f900000| Untracked 
| 250|0x000000008fa00000, 0x000000008fa00000, 0x000000008fb00000|  0%| F|  |TAMS 0x000000008fa00000, 0x000000008fa00000| Untracked 
| 251|0x000000008fb00000, 0x000000008fb00000, 0x000000008fc00000|  0%| F|  |TAMS 0x000000008fb00000, 0x000000008fb00000| Untracked 
| 252|0x000000008fc00000, 0x000000008fc00000, 0x000000008fd00000|  0%| F|  |TAMS 0x000000008fc00000, 0x000000008fc00000| Untracked 
| 253|0x000000008fd00000, 0x000000008fd00000, 0x000000008fe00000|  0%| F|  |TAMS 0x000000008fd00000, 0x000000008fd00000| Untracked 
| 254|0x000000008fe00000, 0x000000008fe00000, 0x000000008ff00000|  0%| F|  |TAMS 0x000000008fe00000, 0x000000008fe00000| Untracked 
| 255|0x000000008ff00000, 0x000000008ff00000, 0x0000000090000000|  0%| F|  |TAMS 0x000000008ff00000, 0x000000008ff00000| Untracked 

Card table byte_map: [0x0000024f986a0000,0x0000024f98aa0000] _byte_map_base: 0x0000024f982a0000

Marking Bits (Prev, Next): (CMBitMap*) 0x0000024f8358f9a0, (CMBitMap*) 0x0000024f8358f968
 Prev Bits: [0x0000024f9aea0000, 0x0000024f9cea0000)
 Next Bits: [0x0000024f98ea0000, 0x0000024f9aea0000)

Polling page: 0x0000024f83630000

Metaspace:

Usage:
  Non-class:    103.46 MB capacity,   101.44 MB ( 98%) used,     1.68 MB (  2%) free+waste,   347.06 KB ( <1%) overhead. 
      Class:     15.81 MB capacity,    14.70 MB ( 93%) used,   975.33 KB (  6%) free+waste,   154.19 KB ( <1%) overhead. 
       Both:    119.27 MB capacity,   116.14 MB ( 97%) used,     2.63 MB (  2%) free+waste,   501.25 KB ( <1%) overhead. 

Virtual space:
  Non-class space:      116.00 MB reserved,     103.47 MB ( 89%) committed 
      Class space:        1.00 GB reserved,      15.85 MB (  2%) committed 
             Both:        1.11 GB reserved,     119.32 MB ( 10%) committed 

Chunk freelists:
   Non-Class:  10.00 KB
       Class:  6.00 KB
        Both:  16.00 KB

MaxMetaspaceSize: 17179869184.00 GB
CompressedClassSpaceSize: 1.00 GB

CodeHeap 'non-profiled nmethods': size=120000Kb used=8918Kb max_used=8918Kb free=111081Kb
 bounds [0x0000024f902f0000, 0x0000024f90bb0000, 0x0000024f97820000]
CodeHeap 'profiled nmethods': size=120000Kb used=34007Kb max_used=34007Kb free=85992Kb
 bounds [0x0000024f88dc0000, 0x0000024f8af00000, 0x0000024f902f0000]
CodeHeap 'non-nmethods': size=5760Kb used=2360Kb max_used=2408Kb free=3399Kb
 bounds [0x0000024f88820000, 0x0000024f88a90000, 0x0000024f88dc0000]
 total_blobs=16447 nmethods=15458 adapters=899
 compilation: enabled
              stopped_count=0, restarted_count=0
 full_count=0

Compilation events (20 events):
Event: 73.358 Thread 0x0000024fa0259000 nmethod 15727 0x0000024f8aef1b10 code [0x0000024f8aef1d80, 0x0000024f8aef25f8]
Event: 73.358 Thread 0x0000024fa0259000 15728       3       jdk.xml.internal.SecuritySupport::lambda$getSystemProperty$0 (5 bytes)
Event: 73.358 Thread 0x0000024fa0259000 nmethod 15728 0x0000024f8aef2990 code [0x0000024f8aef2be0, 0x0000024f8aef33f8]
Event: 73.373 Thread 0x0000024fa0259000 15729       3       com.sun.org.apache.xerces.internal.impl.XMLEntityScanner::scanQName (502 bytes)
Event: 73.374 Thread 0x0000024fa0259000 nmethod 15729 0x0000024f8aef3710 code [0x0000024f8aef3a80, 0x0000024f8aef4cc8]
Event: 73.381 Thread 0x0000024fa0254800 nmethod 15414 0x0000024f90b9fb10 code [0x0000024f90b9ff00, 0x0000024f90ba2378]
Event: 73.381 Thread 0x0000024fa0254800 15415       4       org.gradle.internal.execution.history.impl.FingerprintMapSerializer::readFileType (58 bytes)
Event: 73.387 Thread 0x0000024fa0254800 nmethod 15415 0x0000024f90ba3c10 code [0x0000024f90ba3e40, 0x0000024f90ba4580]
Event: 73.387 Thread 0x0000024fa0254800 15599       4       com.google.common.collect.ImmutableList::asList (2 bytes)
Event: 73.387 Thread 0x0000024fa0254800 nmethod 15599 0x0000024f90ba4b10 code [0x0000024f90ba4ca0, 0x0000024f90ba4cf8]
Event: 73.387 Thread 0x0000024fa0254800 15720       4       org.gradle.api.internal.provider.AbstractProperty::attachOwner (6 bytes)
Event: 73.388 Thread 0x0000024fa0254800 nmethod 15720 0x0000024f90ba4d90 code [0x0000024f90ba4f20, 0x0000024f90ba5058]
Event: 73.388 Thread 0x0000024fa0254800 15398       4       org.gradle.internal.Try$Success::mapFailure (2 bytes)
Event: 73.388 Thread 0x0000024fa0254800 nmethod 15398 0x0000024f90ba5110 code [0x0000024f90ba52a0, 0x0000024f90ba52f8]
Event: 73.388 Thread 0x0000024fa0254800 15619       4       org.gradle.api.internal.artifacts.ivyservice.resolveengine.artifact.EndCollection::visit (11 bytes)
Event: 73.388 Thread 0x0000024fa0254800 nmethod 15619 0x0000024f90ba5390 code [0x0000024f90ba5520, 0x0000024f90ba55b8]
Event: 73.539 Thread 0x0000024fa0254800 15730       4       java.util.zip.ZipFile$Source::getEntryNext (9 bytes)
Event: 73.540 Thread 0x0000024fa0254800 nmethod 15730 0x0000024f90ba5690 code [0x0000024f90ba5820, 0x0000024f90ba58b8]
Event: 73.553 Thread 0x0000024fa0259000 15731       3       java.util.zip.ZipFile$Source::getEntryPos (206 bytes)
Event: 73.554 Thread 0x0000024fa0259000 nmethod 15731 0x0000024f8aef5510 code [0x0000024f8aef5780, 0x0000024f8aef6418]

GC Heap History (20 events):
Event: 14.210 GC heap before
{Heap before GC invocations=10 (full 0):
 garbage-first heap   total 262144K, used 184071K [0x0000000080000000, 0x0000000100000000)
  region size 1024K, 132 young (135168K), 3 survivors (3072K)
 Metaspace       used 67955K, capacity 69503K, committed 69708K, reserved 1110016K
  class space    used 8607K, capacity 9224K, committed 9292K, reserved 1048576K
}
Event: 14.220 GC heap after
{Heap after GC invocations=11 (full 0):
 garbage-first heap   total 262144K, used 60549K [0x0000000080000000, 0x0000000100000000)
  region size 1024K, 12 young (12288K), 12 survivors (12288K)
 Metaspace       used 67955K, capacity 69503K, committed 69708K, reserved 1110016K
  class space    used 8607K, capacity 9224K, committed 9292K, reserved 1048576K
}
Event: 17.863 GC heap before
{Heap before GC invocations=11 (full 0):
 garbage-first heap   total 262144K, used 190597K [0x0000000080000000, 0x0000000100000000)
  region size 1024K, 139 young (142336K), 12 survivors (12288K)
 Metaspace       used 81192K, capacity 82957K, committed 83276K, reserved 1122304K
  class space    used 10560K, capacity 11241K, committed 11340K, reserved 1048576K
}
Event: 17.877 GC heap after
{Heap after GC invocations=12 (full 0):
 garbage-first heap   total 262144K, used 69183K [0x0000000080000000, 0x0000000100000000)
  region size 1024K, 9 young (9216K), 9 survivors (9216K)
 Metaspace       used 81192K, capacity 82957K, committed 83276K, reserved 1122304K
  class space    used 10560K, capacity 11241K, committed 11340K, reserved 1048576K
}
Event: 20.642 GC heap before
{Heap before GC invocations=12 (full 0):
 garbage-first heap   total 262144K, used 213567K [0x0000000080000000, 0x0000000100000000)
  region size 1024K, 134 young (137216K), 9 survivors (9216K)
 Metaspace       used 87016K, capacity 89281K, committed 89548K, reserved 1126400K
  class space    used 11315K, capacity 12164K, committed 12236K, reserved 1048576K
}
Event: 20.652 GC heap after
{Heap after GC invocations=13 (full 0):
 garbage-first heap   total 262144K, used 74397K [0x0000000080000000, 0x0000000100000000)
  region size 1024K, 14 young (14336K), 14 survivors (14336K)
 Metaspace       used 87016K, capacity 89281K, committed 89548K, reserved 1126400K
  class space    used 11315K, capacity 12164K, committed 12236K, reserved 1048576K
}
Event: 21.736 GC heap before
{Heap before GC invocations=13 (full 0):
 garbage-first heap   total 262144K, used 201373K [0x0000000080000000, 0x0000000100000000)
  region size 1024K, 139 young (142336K), 14 survivors (14336K)
 Metaspace       used 94443K, capacity 96724K, committed 96844K, reserved 1132544K
  class space    used 12161K, capacity 13037K, committed 13132K, reserved 1048576K
}
Event: 21.751 GC heap after
{Heap after GC invocations=14 (full 0):
 garbage-first heap   total 262144K, used 80115K [0x0000000080000000, 0x0000000100000000)
  region size 1024K, 12 young (12288K), 12 survivors (12288K)
 Metaspace       used 94443K, capacity 96724K, committed 96844K, reserved 1132544K
  class space    used 12161K, capacity 13037K, committed 13132K, reserved 1048576K
}
Event: 25.069 GC heap before
{Heap before GC invocations=14 (full 0):
 garbage-first heap   total 262144K, used 200947K [0x0000000080000000, 0x0000000100000000)
  region size 1024K, 132 young (135168K), 12 survivors (12288K)
 Metaspace       used 98684K, capacity 100947K, committed 101036K, reserved 1136640K
  class space    used 12626K, capacity 13493K, committed 13516K, reserved 1048576K
}
Event: 25.087 GC heap after
{Heap after GC invocations=15 (full 0):
 garbage-first heap   total 262144K, used 88940K [0x0000000080000000, 0x0000000100000000)
  region size 1024K, 15 young (15360K), 15 survivors (15360K)
 Metaspace       used 98684K, capacity 100947K, committed 101036K, reserved 1136640K
  class space    used 12626K, capacity 13493K, committed 13516K, reserved 1048576K
}
Event: 59.918 GC heap before
{Heap before GC invocations=16 (full 0):
 garbage-first heap   total 262144K, used 224108K [0x0000000080000000, 0x0000000100000000)
  region size 1024K, 131 young (134144K), 15 survivors (15360K)
 Metaspace       used 104377K, capacity 107126K, committed 107204K, reserved 1142784K
  class space    used 13497K, capacity 14510K, committed 14564K, reserved 1048576K
}
Event: 59.953 GC heap after
{Heap after GC invocations=17 (full 0):
 garbage-first heap   total 262144K, used 105721K [0x0000000080000000, 0x0000000100000000)
  region size 1024K, 16 young (16384K), 16 survivors (16384K)
 Metaspace       used 104377K, capacity 107126K, committed 107204K, reserved 1142784K
  class space    used 13497K, capacity 14510K, committed 14564K, reserved 1048576K
}
Event: 63.797 GC heap before
{Heap before GC invocations=18 (full 0):
 garbage-first heap   total 262144K, used 214265K [0x0000000080000000, 0x0000000100000000)
  region size 1024K, 119 young (121856K), 16 survivors (16384K)
 Metaspace       used 107388K, capacity 110370K, committed 110660K, reserved 1144832K
  class space    used 13794K, capacity 14897K, committed 14948K, reserved 1048576K
}
Event: 63.812 GC heap after
{Heap after GC invocations=19 (full 0):
 garbage-first heap   total 262144K, used 112990K [0x0000000080000000, 0x0000000100000000)
  region size 1024K, 6 young (6144K), 6 survivors (6144K)
 Metaspace       used 107388K, capacity 110370K, committed 110660K, reserved 1144832K
  class space    used 13794K, capacity 14897K, committed 14948K, reserved 1048576K
}
Event: 66.366 GC heap before
{Heap before GC invocations=19 (full 0):
 garbage-first heap   total 262144K, used 181598K [0x0000000080000000, 0x0000000100000000)
  region size 1024K, 66 young (67584K), 6 survivors (6144K)
 Metaspace       used 109720K, capacity 112772K, committed 112964K, reserved 1146880K
  class space    used 14057K, capacity 15162K, committed 15204K, reserved 1048576K
}
Event: 66.382 GC heap after
{Heap after GC invocations=20 (full 0):
 garbage-first heap   total 262144K, used 127680K [0x0000000080000000, 0x0000000100000000)
  region size 1024K, 12 young (12288K), 12 survivors (12288K)
 Metaspace       used 109720K, capacity 112772K, committed 112964K, reserved 1146880K
  class space    used 14057K, capacity 15162K, committed 15204K, reserved 1048576K
}
Event: 70.033 GC heap before
{Heap before GC invocations=21 (full 0):
 garbage-first heap   total 262144K, used 210624K [0x0000000080000000, 0x0000000100000000)
  region size 1024K, 91 young (93184K), 12 survivors (12288K)
 Metaspace       used 114409K, capacity 117631K, committed 117956K, reserved 1150976K
  class space    used 14654K, capacity 15771K, committed 15844K, reserved 1048576K
}
Event: 70.044 GC heap after
{Heap after GC invocations=22 (full 0):
 garbage-first heap   total 262144K, used 138495K [0x0000000080000000, 0x0000000100000000)
  region size 1024K, 13 young (13312K), 13 survivors (13312K)
 Metaspace       used 114409K, capacity 117631K, committed 117956K, reserved 1150976K
  class space    used 14654K, capacity 15771K, committed 15844K, reserved 1048576K
}
Event: 73.771 GC heap before
{Heap before GC invocations=23 (full 0):
 garbage-first heap   total 262144K, used 204031K [0x0000000080000000, 0x0000000100000000)
  region size 1024K, 78 young (79872K), 13 survivors (13312K)
 Metaspace       used 118931K, capacity 122128K, committed 122180K, reserved 1165312K
  class space    used 15056K, capacity 16186K, committed 16228K, reserved 1048576K
}
Event: 73.809 GC heap after
{Heap after GC invocations=24 (full 0):
 garbage-first heap   total 262144K, used 143304K [0x0000000080000000, 0x0000000100000000)
  region size 1024K, 6 young (6144K), 6 survivors (6144K)
 Metaspace       used 118931K, capacity 122128K, committed 122180K, reserved 1165312K
  class space    used 15056K, capacity 16186K, committed 16228K, reserved 1048576K
}

Deoptimization events (20 events):
Event: 70.346 Thread 0x0000024fa1b4f000 DEOPT PACKING pc=0x0000024f90a29444 sp=0x000000ae7ecf9ae0
Event: 70.346 Thread 0x0000024fa1b4f000 DEOPT UNPACKING pc=0x0000024f8884662f sp=0x000000ae7ecf9a50 mode 2
Event: 70.362 Thread 0x0000024fa1b4f000 DEOPT PACKING pc=0x0000024f8a9a301f sp=0x000000ae7ecf9840
Event: 70.362 Thread 0x0000024fa1b4f000 DEOPT UNPACKING pc=0x0000024f88846dde sp=0x000000ae7ecf8d00 mode 0
Event: 72.868 Thread 0x0000024fa1b4f000 Uncommon trap: trap_request=0xffffffc6 fr.pc=0x0000024f905a5698 relative=0x00000000000002b8
Event: 72.868 Thread 0x0000024fa1b4f000 Uncommon trap: reason=bimorphic_or_optimized_type_check action=maybe_recompile pc=0x0000024f905a5698 method=com.google.common.collect.ImmutableList.copyOf(Ljava/util/Collection;)Lcom/google/common/collect/ImmutableList; @ 16 c2
Event: 72.868 Thread 0x0000024fa1b4f000 DEOPT PACKING pc=0x0000024f905a5698 sp=0x000000ae7ecf9a70
Event: 72.868 Thread 0x0000024fa1b4f000 DEOPT UNPACKING pc=0x0000024f8884662f sp=0x000000ae7ecf9a38 mode 2
Event: 73.089 Thread 0x0000024fa1b4f000 Uncommon trap: trap_request=0xffffffc6 fr.pc=0x0000024f905a5698 relative=0x00000000000002b8
Event: 73.089 Thread 0x0000024fa1b4f000 Uncommon trap: reason=bimorphic_or_optimized_type_check action=maybe_recompile pc=0x0000024f905a5698 method=com.google.common.collect.ImmutableList.copyOf(Ljava/util/Collection;)Lcom/google/common/collect/ImmutableList; @ 16 c2
Event: 73.089 Thread 0x0000024fa1b4f000 DEOPT PACKING pc=0x0000024f905a5698 sp=0x000000ae7ecf9a70
Event: 73.089 Thread 0x0000024fa1b4f000 DEOPT UNPACKING pc=0x0000024f8884662f sp=0x000000ae7ecf9a38 mode 2
Event: 73.343 Thread 0x0000024fa1b4f000 Uncommon trap: trap_request=0xffffffc6 fr.pc=0x0000024f907ed490 relative=0x00000000000007d0
Event: 73.343 Thread 0x0000024fa1b4f000 Uncommon trap: reason=bimorphic_or_optimized_type_check action=maybe_recompile pc=0x0000024f907ed490 method=java.util.Spliterators$IteratorSpliterator.tryAdvance(Ljava/util/function/Consumer;)Z @ 68 c2
Event: 73.343 Thread 0x0000024fa1b4f000 DEOPT PACKING pc=0x0000024f907ed490 sp=0x000000ae7ecfa950
Event: 73.343 Thread 0x0000024fa1b4f000 DEOPT UNPACKING pc=0x0000024f8884662f sp=0x000000ae7ecfa810 mode 2
Event: 73.431 Thread 0x0000024fa1b4f000 Uncommon trap: trap_request=0xffffff4d fr.pc=0x0000024f903240c0 relative=0x00000000000007e0
Event: 73.431 Thread 0x0000024fa1b4f000 Uncommon trap: reason=unstable_if action=reinterpret pc=0x0000024f903240c0 method=java.util.zip.ZipFile$Source.getEntryPos([BZ)I @ 105 c2
Event: 73.431 Thread 0x0000024fa1b4f000 DEOPT PACKING pc=0x0000024f903240c0 sp=0x000000ae7ecf7fc0
Event: 73.431 Thread 0x0000024fa1b4f000 DEOPT UNPACKING pc=0x0000024f8884662f sp=0x000000ae7ecf7f60 mode 2

Classes redefined (0 events):
No events

Internal exceptions (20 events):
Event: 69.155 Thread 0x0000024fa1b4f000 Exception <a 'java/lang/ClassNotFoundException'{0x000000008c968720}: org/gradle/api/internal/tasks/DefaultSourceSetContainer_DecoratedBeanInfo> (0x000000008c968720) thrown at [./src/hotspot/share/classfile/systemDictionary.cpp, line 231]
Event: 69.156 Thread 0x0000024fa1b4f000 Exception <a 'java/lang/ClassNotFoundException'{0x000000008c98a600}: org/gradle/api/internal/tasks/DefaultSourceSetContainerBeanInfo> (0x000000008c98a600) thrown at [./src/hotspot/share/classfile/systemDictionary.cpp, line 231]
Event: 69.157 Thread 0x0000024fa1b4f000 Exception <a 'java/lang/ClassNotFoundException'{0x000000008c9ac2d8}: org/gradle/api/internal/tasks/DefaultSourceSetContainerCustomizer> (0x000000008c9ac2d8) thrown at [./src/hotspot/share/classfile/systemDictionary.cpp, line 231]
Event: 69.159 Thread 0x0000024fa1b4f000 Exception <a 'java/lang/ClassNotFoundException'{0x000000008c9dcd10}: org/gradle/api/internal/tasks/DefaultSourceSetContainer_DecoratedCustomizer> (0x000000008c9dcd10) thrown at [./src/hotspot/share/classfile/systemDictionary.cpp, line 231]
Event: 69.169 Thread 0x0000024fa1b4f000 Exception <a 'java/lang/ClassNotFoundException'{0x000000008c8471a8}: org/gradle/api/tasks/SourceSetBeanInfo> (0x000000008c8471a8) thrown at [./src/hotspot/share/classfile/systemDictionary.cpp, line 231]
Event: 69.170 Thread 0x0000024fa1b4f000 Exception <a 'java/lang/ClassNotFoundException'{0x000000008c862d28}: org/gradle/api/tasks/SourceSetCustomizer> (0x000000008c862d28) thrown at [./src/hotspot/share/classfile/systemDictionary.cpp, line 231]
Event: 69.173 Thread 0x0000024fa1b4f000 Exception <a 'java/lang/ClassNotFoundException'{0x000000008c8dcc20}: java/util/LinkedHashMapBeanInfo> (0x000000008c8dcc20) thrown at [./src/hotspot/share/classfile/systemDictionary.cpp, line 231]
Event: 69.174 Thread 0x0000024fa1b4f000 Exception <a 'java/lang/ClassNotFoundException'{0x000000008c8e5480}: java/util/HashMapBeanInfo> (0x000000008c8e5480) thrown at [./src/hotspot/share/classfile/systemDictionary.cpp, line 231]
Event: 69.174 Thread 0x0000024fa1b4f000 Exception <a 'java/lang/ClassNotFoundException'{0x000000008c8ee518}: java/util/AbstractMapBeanInfo> (0x000000008c8ee518) thrown at [./src/hotspot/share/classfile/systemDictionary.cpp, line 231]
Event: 69.174 Thread 0x0000024fa1b4f000 Exception <a 'java/lang/ClassNotFoundException'{0x000000008c8f7668}: java/util/AbstractMapCustomizer> (0x000000008c8f7668) thrown at [./src/hotspot/share/classfile/systemDictionary.cpp, line 231]
Event: 69.175 Thread 0x0000024fa1b4f000 Exception <a 'java/lang/ClassNotFoundException'{0x000000008c70a758}: java/util/HashMapCustomizer> (0x000000008c70a758) thrown at [./src/hotspot/share/classfile/systemDictionary.cpp, line 231]
Event: 69.176 Thread 0x0000024fa1b4f000 Exception <a 'java/lang/ClassNotFoundException'{0x000000008c729608}: java/util/LinkedHashMapCustomizer> (0x000000008c729608) thrown at [./src/hotspot/share/classfile/systemDictionary.cpp, line 231]
Event: 69.692 Thread 0x0000024fa1b4f000 Exception <a 'java/lang/NoSuchMethodError'{0x000000008a885b88}: <clinit>> (0x000000008a885b88) thrown at [./src/hotspot/share/prims/jni.cpp, line 1362]
Event: 70.333 Thread 0x0000024fa1b4f000 Exception <a 'sun/nio/fs/WindowsException'{0x000000008fcaf1a0}> (0x000000008fcaf1a0) thrown at [./src/hotspot/share/prims/jni.cpp, line 615]
Event: 70.414 Thread 0x0000024fa1b4f000 Exception <a 'sun/nio/fs/WindowsException'{0x000000008fb4ba70}> (0x000000008fb4ba70) thrown at [./src/hotspot/share/prims/jni.cpp, line 615]
Event: 70.414 Thread 0x0000024fa1b4f000 Exception <a 'sun/nio/fs/WindowsException'{0x000000008fb4cb40}> (0x000000008fb4cb40) thrown at [./src/hotspot/share/prims/jni.cpp, line 615]
Event: 70.414 Thread 0x0000024fa1b4f000 Exception <a 'sun/nio/fs/WindowsException'{0x000000008fb4dc60}> (0x000000008fb4dc60) thrown at [./src/hotspot/share/prims/jni.cpp, line 615]
Event: 70.414 Thread 0x0000024fa1b4f000 Exception <a 'sun/nio/fs/WindowsException'{0x000000008fb4ed80}> (0x000000008fb4ed80) thrown at [./src/hotspot/share/prims/jni.cpp, line 615]
Event: 71.268 Thread 0x0000024fa1b4f000 Exception <a 'java/lang/reflect/InvocationTargetException'{0x000000008f0ee9a8}> (0x000000008f0ee9a8) thrown at [./src/hotspot/share/runtime/reflection.cpp, line 1247]
Event: 73.330 Thread 0x0000024fa1b4f000 Exception <a 'java/lang/NoSuchMethodError'{0x000000008c249580}: 'void java.lang.invoke.DirectMethodHandle$Holder.invokeStatic(java.lang.Object, int, java.lang.Object)'> (0x000000008c249580) thrown at [./src/hotspot/share/interpreter/linkResolver.cpp, line 773]

Events (20 events):
Event: 73.761 loading class com/android/tools/r8/internal/MI0 done
Event: 73.761 loading class com/android/tools/r8/internal/NI0
Event: 73.761 loading class com/android/tools/r8/internal/NI0 done
Event: 73.762 loading class com/android/tools/r8/graph/d
Event: 73.762 loading class com/android/tools/r8/graph/d done
Event: 73.763 loading class com/android/tools/r8/internal/LL0
Event: 73.763 loading class com/android/tools/r8/internal/LL0 done
Event: 73.763 loading class com/android/tools/r8/shaking/i
Event: 73.763 loading class com/android/tools/r8/shaking/i done
Event: 73.765 loading class com/android/tools/r8/internal/sU0
Event: 73.765 loading class com/android/tools/r8/internal/sU0 done
Event: 73.766 loading class com/android/tools/r8/graph/h
Event: 73.766 loading class com/android/tools/r8/graph/h done
Event: 73.768 loading class com/android/tools/r8/graph/H
Event: 73.768 loading class com/android/tools/r8/graph/H done
Event: 73.769 loading class com/android/tools/r8/internal/jG0
Event: 73.769 loading class com/android/tools/r8/internal/jG0 done
Event: 73.770 loading class com/android/tools/r8/internal/DK0
Event: 73.770 loading class com/android/tools/r8/internal/DK0 done
Event: 73.771 Executing VM operation: CollectForMetadataAllocation


Dynamic libraries:
0x00007ff7d5d50000 - 0x00007ff7d5d5a000 	C:\Program Files\Android\Android Studio\jre\bin\java.exe
0x00007ffe24210000 - 0x00007ffe24405000 	C:\Windows\SYSTEM32\ntdll.dll
0x00007ffe23ec0000 - 0x00007ffe23f7e000 	C:\Windows\System32\KERNEL32.DLL
0x00007ffe21c20000 - 0x00007ffe21ee8000 	C:\Windows\System32\KERNELBASE.dll
0x00007ffe21f70000 - 0x00007ffe22070000 	C:\Windows\System32\ucrtbase.dll
0x00007ffe00470000 - 0x00007ffe00489000 	C:\Program Files\Android\Android Studio\jre\bin\jli.dll
0x00007ffdfbdb0000 - 0x00007ffdfbdc7000 	C:\Program Files\Android\Android Studio\jre\bin\VCRUNTIME140.dll
0x00007ffe22460000 - 0x00007ffe22601000 	C:\Windows\System32\USER32.dll
0x00007ffe21ef0000 - 0x00007ffe21f12000 	C:\Windows\System32\win32u.dll
0x00007ffe0b6a0000 - 0x00007ffe0b93a000 	C:\Windows\WinSxS\amd64_microsoft.windows.common-controls_6595b64144ccf1df_6.0.19041.1110_none_60b5254171f9507e\COMCTL32.dll
0x00007ffe22610000 - 0x00007ffe2263b000 	C:\Windows\System32\GDI32.dll
0x00007ffe226c0000 - 0x00007ffe2275e000 	C:\Windows\System32\msvcrt.dll
0x00007ffe21b10000 - 0x00007ffe21c1d000 	C:\Windows\System32\gdi32full.dll
0x00007ffe22070000 - 0x00007ffe2210d000 	C:\Windows\System32\msvcp_win.dll
0x00007ffe23e90000 - 0x00007ffe23ec0000 	C:\Windows\System32\IMM32.DLL
0x00007ffde89e0000 - 0x00007ffde8a7d000 	C:\Program Files\Android\Android Studio\jre\bin\msvcp140.dll
0x00007ffdd8990000 - 0x00007ffdd9465000 	C:\Program Files\Android\Android Studio\jre\bin\server\jvm.dll
0x00007ffe23de0000 - 0x00007ffe23e8e000 	C:\Windows\System32\ADVAPI32.dll
0x00007ffe235c0000 - 0x00007ffe2365c000 	C:\Windows\System32\sechost.dll
0x00007ffe23060000 - 0x00007ffe23185000 	C:\Windows\System32\RPCRT4.dll
0x00007ffe22330000 - 0x00007ffe22338000 	C:\Windows\System32\PSAPI.DLL
0x00007ffe0e600000 - 0x00007ffe0e609000 	C:\Windows\SYSTEM32\WSOCK32.dll
0x00007ffe0d020000 - 0x00007ffe0d047000 	C:\Windows\SYSTEM32\WINMM.dll
0x00007ffe194e0000 - 0x00007ffe194ea000 	C:\Windows\SYSTEM32\VERSION.dll
0x00007ffe236f0000 - 0x00007ffe2375b000 	C:\Windows\System32\WS2_32.dll
0x00007ffe201a0000 - 0x00007ffe201b2000 	C:\Windows\SYSTEM32\kernel.appcore.dll
0x00007ffe1cf30000 - 0x00007ffe1cf41000 	C:\Program Files\Android\Android Studio\jre\bin\verify.dll
0x00007ffe1f550000 - 0x00007ffe1f734000 	C:\Windows\SYSTEM32\DBGHELP.DLL
0x00007ffe047d0000 - 0x00007ffe047fc000 	C:\Windows\SYSTEM32\dbgcore.DLL
0x00007ffe21a80000 - 0x00007ffe21b02000 	C:\Windows\System32\bcryptPrimitives.dll
0x00007ffe15320000 - 0x00007ffe15349000 	C:\Program Files\Android\Android Studio\jre\bin\java.dll
0x00007ffe1cee0000 - 0x00007ffe1ceeb000 	C:\Program Files\Android\Android Studio\jre\bin\jimage.dll
0x00007ffe15300000 - 0x00007ffe15318000 	C:\Program Files\Android\Android Studio\jre\bin\zip.dll
0x00007ffe22910000 - 0x00007ffe23054000 	C:\Windows\System32\SHELL32.dll
0x00007ffe1f9f0000 - 0x00007ffe20185000 	C:\Windows\SYSTEM32\windows.storage.dll
0x00007ffe23190000 - 0x00007ffe234e5000 	C:\Windows\System32\combase.dll
0x00007ffe21370000 - 0x00007ffe2139e000 	C:\Windows\SYSTEM32\Wldp.dll
0x00007ffe24000000 - 0x00007ffe240ad000 	C:\Windows\System32\SHCORE.dll
0x00007ffe22400000 - 0x00007ffe22455000 	C:\Windows\System32\shlwapi.dll
0x00007ffe21860000 - 0x00007ffe2187f000 	C:\Windows\SYSTEM32\profapi.dll
0x00007ffe152e0000 - 0x00007ffe152fa000 	C:\Program Files\Android\Android Studio\jre\bin\net.dll
0x00007ffe1b5c0000 - 0x00007ffe1b6cc000 	C:\Windows\SYSTEM32\WINHTTP.dll
0x00007ffe21060000 - 0x00007ffe210ca000 	C:\Windows\system32\mswsock.dll
0x00007ffe15270000 - 0x00007ffe15284000 	C:\Program Files\Android\Android Studio\jre\bin\nio.dll
0x00007ffe08d10000 - 0x00007ffe08d37000 	C:\Users\liran\.gradle\native\e1d6ef7f7dcc3fd88c89a11ec53ec762bb8ba0a96d01ffa2cd45eb1d1d8dd5c5\windows-amd64\native-platform.dll
0x00007ffde4de0000 - 0x00007ffde4f24000 	C:\Users\liran\.gradle\native\5664cfc778a61ccfe75a443a1ab52a65af34e5dc3c78e0209fed803814484fcb\windows-amd64\native-platform-file-events.dll
0x00007ffe1aa10000 - 0x00007ffe1aa1a000 	C:\Program Files\Android\Android Studio\jre\bin\management.dll
0x00007ffe172b0000 - 0x00007ffe172bd000 	C:\Program Files\Android\Android Studio\jre\bin\management_ext.dll
0x00007ffe21260000 - 0x00007ffe21278000 	C:\Windows\SYSTEM32\CRYPTSP.dll
0x00007ffe20980000 - 0x00007ffe209b4000 	C:\Windows\system32\rsaenh.dll
0x00007ffe22170000 - 0x00007ffe22197000 	C:\Windows\System32\bcrypt.dll
0x00007ffe21820000 - 0x00007ffe2184e000 	C:\Windows\SYSTEM32\USERENV.dll
0x00007ffe21250000 - 0x00007ffe2125c000 	C:\Windows\SYSTEM32\CRYPTBASE.dll
0x00007ffe20d50000 - 0x00007ffe20d8b000 	C:\Windows\SYSTEM32\IPHLPAPI.DLL
0x00007ffe23820000 - 0x00007ffe23828000 	C:\Windows\System32\NSI.dll
0x00007ffe174c0000 - 0x00007ffe174d7000 	C:\Windows\SYSTEM32\dhcpcsvc6.DLL
0x00007ffe19120000 - 0x00007ffe1913d000 	C:\Windows\SYSTEM32\dhcpcsvc.DLL
0x00007ffe20d90000 - 0x00007ffe20e5b000 	C:\Windows\SYSTEM32\DNSAPI.dll
0x00007ffe20650000 - 0x00007ffe20683000 	C:\Windows\SYSTEM32\ntmarta.dll
0x00007ffe106e0000 - 0x00007ffe10707000 	C:\Program Files\Android\Android Studio\jre\bin\sunec.dll

dbghelp: loaded successfully - version: 4.0.5 - missing functions: none
symbol engine: initialized successfully - sym options: 0x614 - pdb path: .;C:\Program Files\Android\Android Studio\jre\bin;C:\Windows\SYSTEM32;C:\Windows\WinSxS\amd64_microsoft.windows.common-controls_6595b64144ccf1df_6.0.19041.1110_none_60b5254171f9507e;C:\Program Files\Android\Android Studio\jre\bin\server;C:\Users\liran\.gradle\native\e1d6ef7f7dcc3fd88c89a11ec53ec762bb8ba0a96d01ffa2cd45eb1d1d8dd5c5\windows-amd64;C:\Users\liran\.gradle\native\5664cfc778a61ccfe75a443a1ab52a65af34e5dc3c78e0209fed803814484fcb\windows-amd64

VM Arguments:
jvm_args: --add-opens=java.base/java.util=ALL-UNNAMED --add-opens=java.base/java.lang=ALL-UNNAMED --add-opens=java.base/java.lang.invoke=ALL-UNNAMED --add-opens=java.base/java.util=ALL-UNNAMED --add-opens=java.prefs/java.util.prefs=ALL-UNNAMED --add-opens=java.prefs/java.util.prefs=ALL-UNNAMED --add-opens=java.base/java.nio.charset=ALL-UNNAMED --add-opens=java.base/java.net=ALL-UNNAMED --add-opens=java.base/java.util.concurrent.atomic=ALL-UNNAMED -Xmx2048m -Dfile.encoding=UTF-8 -Duser.country=US -Duser.language=en -Duser.variant 
java_command: org.gradle.launcher.daemon.bootstrap.GradleDaemon 7.2
java_class_path (initial): C:\Users\liran\.gradle\wrapper\dists\gradle-7.2-bin\2dnblmf4td7x66yl1d74lt32g\gradle-7.2\lib\gradle-launcher-7.2.jar
Launcher Type: SUN_STANDARD

[Global flags]
     intx CICompilerCount                          = 4                                         {product} {ergonomic}
     uint ConcGCThreads                            = 2                                         {product} {ergonomic}
     uint G1ConcRefinementThreads                  = 8                                         {product} {ergonomic}
   size_t G1HeapRegionSize                         = 1048576                                   {product} {ergonomic}
    uintx GCDrainStackTargetSize                   = 64                                        {product} {ergonomic}
   size_t InitialHeapSize                          = 268435456                                 {product} {ergonomic}
   size_t MarkStackSize                            = 4194304                                   {product} {ergonomic}
   size_t MaxHeapSize                              = 2147483648                                {product} {command line}
   size_t MaxNewSize                               = 1287651328                                {product} {ergonomic}
   size_t MinHeapDeltaBytes                        = 1048576                                   {product} {ergonomic}
    uintx NonNMethodCodeHeapSize                   = 5836300                                {pd product} {ergonomic}
    uintx NonProfiledCodeHeapSize                  = 122910970                              {pd product} {ergonomic}
    uintx ProfiledCodeHeapSize                     = 122910970                              {pd product} {ergonomic}
    uintx ReservedCodeCacheSize                    = 251658240                              {pd product} {ergonomic}
     bool SegmentedCodeCache                       = true                                      {product} {ergonomic}
     bool UseCompressedClassPointers               = true                                 {lp64_product} {ergonomic}
     bool UseCompressedOops                        = true                                 {lp64_product} {ergonomic}
     bool UseG1GC                                  = true                                      {product} {ergonomic}
     bool UseLargePagesIndividualAllocation        = false                                  {pd product} {ergonomic}

Logging:
Log output configuration:
 #0: stdout all=warning uptime,level,tags
 #1: stderr all=off uptime,level,tags

Environment Variables:
PATH=C:\Windows\system32;C:\Windows;C:\Windows\System32\Wbem;C:\Windows\System32\WindowsPowerShell\v1.0\;C:\Windows\System32\OpenSSH\;C:\Program Files (x86)\NVIDIA Corporation\PhysX\Common;C:\Program Files\NVIDIA Corporation\NVIDIA NvDLISR;C:\Program Files\Git\cmd;C:\Users\liran\AppData\Local\Microsoft\WindowsApps;
USERNAME=liran
OS=Windows_NT
PROCESSOR_IDENTIFIER=Intel64 Family 6 Model 158 Stepping 9, GenuineIntel



---------------  S Y S T E M  ---------------

OS: Windows 10 , 64 bit Build 19041 (10.0.19041.1466)
OS uptime: 2 days 20:21 hours

CPU:total 8 (initial active 8) (4 cores per cpu, 2 threads per core) family 6 model 158 stepping 9 microcode 0xb4, cmov, cx8, fxsr, mmx, sse, sse2, sse3, ssse3, sse4.1, sse4.2, popcnt, avx, avx2, aes, clmul, erms, 3dnowpref, lzcnt, ht, tsc, tscinvbit, bmi1, bmi2, adx, fma

Memory: 4k page, system-wide physical 16265M (110M free)
TotalPageFile size 46680M (AvailPageFile size 0M)
current process WorkingSet (physical memory assigned to process): 524M, peak: 528M
current process commit charge ("private bytes"): 614M, peak: 620M

vm_info: OpenJDK 64-Bit Server VM (11.0.11+9-b60-7590822) for windows-amd64 JRE (11.0.11+9-b60-7590822), built on Jul 29 2021 21:43:44 by "builder" with MS VC++ 14.0 (VS2015)

END.
